
 /----------------------------------------------------------------------------\
 |  yosys -- Yosys Open SYnthesis Suite                                       |
 |  Copyright (C) 2012 - 2026  Claire Xenia Wolf <claire@yosyshq.com>         |
 |  Distributed under an ISC-like license, type "license" to see terms        |
 \----------------------------------------------------------------------------/
 Yosys 0.65+57 (git sha1 9d0cdb855, clang++ 18.1.8 -fPIC -O3)

-- Parsing `bcd_to_bin_16.v' using frontend ` -vlog2k' --

1. Executing Verilog-2005 frontend: bcd_to_bin_16.v
Parsing Verilog input from `bcd_to_bin_16.v' to AST representation.
Storing AST representation for module `$abstract\bcd_to_bin_16'.
Successfully finished Verilog frontend.

-- Parsing `control_bcd_bin.v' using frontend ` -vlog2k' --

2. Executing Verilog-2005 frontend: control_bcd_bin.v
Parsing Verilog input from `control_bcd_bin.v' to AST representation.
Storing AST representation for module `$abstract\control_bcd_bin'.
Successfully finished Verilog frontend.

-- Parsing `rcr_32_combined.v' using frontend ` -vlog2k' --

3. Executing Verilog-2005 frontend: rcr_32_combined.v
Parsing Verilog input from `rcr_32_combined.v' to AST representation.
Storing AST representation for module `$abstract\rcr_32_combined'.
Successfully finished Verilog frontend.

-- Parsing `acc_bcd_sub.v' using frontend ` -vlog2k' --

4. Executing Verilog-2005 frontend: acc_bcd_sub.v
Parsing Verilog input from `acc_bcd_sub.v' to AST representation.
Storing AST representation for module `$abstract\acc_bcd_sub'.
Successfully finished Verilog frontend.

-- Parsing `contador_desc.v' using frontend ` -vlog2k' --

5. Executing Verilog-2005 frontend: contador_desc.v
Parsing Verilog input from `contador_desc.v' to AST representation.
Storing AST representation for module `$abstract\contador_desc'.
Successfully finished Verilog frontend.

-- Parsing `comp_z.v' using frontend ` -vlog2k' --

6. Executing Verilog-2005 frontend: comp_z.v
Parsing Verilog input from `comp_z.v' to AST representation.
Storing AST representation for module `$abstract\comp_z'.
Successfully finished Verilog frontend.

-- Running command `synth_ecp5 -top bcd_to_bin_16 -json bcd_to_bin_16.json; write_verilog -attr2comment bcd_to_bin_16_synth.v' --

7. Executing SYNTH_LATTICE pass.

7.1. Executing Verilog-2005 frontend: /home/juan/fpga_tools/oss-cad-suite/lib/../share/yosys/lattice/cells_sim_ecp5.v
Parsing Verilog input from `/home/juan/fpga_tools/oss-cad-suite/lib/../share/yosys/lattice/cells_sim_ecp5.v' to AST representation.
Generating RTLIL representation for module `\LUT4'.
Generating RTLIL representation for module `\$__ABC9_LUT5'.
Generating RTLIL representation for module `\$__ABC9_LUT6'.
Generating RTLIL representation for module `\$__ABC9_LUT7'.
Generating RTLIL representation for module `\L6MUX21'.
Generating RTLIL representation for module `\TRELLIS_RAM16X2'.
Generating RTLIL representation for module `\PFUMX'.
Generating RTLIL representation for module `\TRELLIS_DPR16X4'.
Generating RTLIL representation for module `\DPR16X4C'.
Generating RTLIL representation for module `\LUT2'.
Generating RTLIL representation for module `\TRELLIS_FF'.
Generating RTLIL representation for module `\TRELLIS_IO'.
Generating RTLIL representation for module `\INV'.
Generating RTLIL representation for module `\TRELLIS_COMB'.
Generating RTLIL representation for module `\VLO'.
Generating RTLIL representation for module `\VHI'.
Generating RTLIL representation for module `\FD1P3AX'.
Generating RTLIL representation for module `\FD1P3AY'.
Generating RTLIL representation for module `\FD1P3BX'.
Generating RTLIL representation for module `\FD1P3DX'.
Generating RTLIL representation for module `\FD1P3IX'.
Generating RTLIL representation for module `\FD1P3JX'.
Generating RTLIL representation for module `\FD1S3AX'.
Generating RTLIL representation for module `\FD1S3AY'.
Generating RTLIL representation for module `\FD1S3BX'.
Generating RTLIL representation for module `\FD1S3DX'.
Generating RTLIL representation for module `\FD1S3IX'.
Generating RTLIL representation for module `\FD1S3JX'.
Generating RTLIL representation for module `\IFS1P3BX'.
Generating RTLIL representation for module `\IFS1P3DX'.
Generating RTLIL representation for module `\IFS1P3IX'.
Generating RTLIL representation for module `\IFS1P3JX'.
Generating RTLIL representation for module `\OFS1P3BX'.
Generating RTLIL representation for module `\OFS1P3DX'.
Generating RTLIL representation for module `\OFS1P3IX'.
Generating RTLIL representation for module `\OFS1P3JX'.
Generating RTLIL representation for module `\IB'.
Generating RTLIL representation for module `\IBPU'.
Generating RTLIL representation for module `\IBPD'.
Generating RTLIL representation for module `\OB'.
Generating RTLIL representation for module `\OBZ'.
Generating RTLIL representation for module `\OBZPU'.
Generating RTLIL representation for module `\OBZPD'.
Generating RTLIL representation for module `\OBCO'.
Generating RTLIL representation for module `\BB'.
Generating RTLIL representation for module `\BBPU'.
Generating RTLIL representation for module `\BBPD'.
Generating RTLIL representation for module `\ILVDS'.
Generating RTLIL representation for module `\OLVDS'.
Generating RTLIL representation for module `\CCU2C'.
Generating RTLIL representation for module `\DP16KD'.
Replacing existing blackbox module `\FD1P3AX' at /home/juan/fpga_tools/oss-cad-suite/lib/../share/yosys/lattice/cells_ff.vh:2.1-2.261.
Generating RTLIL representation for module `\FD1P3AX'.
Replacing existing blackbox module `\FD1P3AY' at /home/juan/fpga_tools/oss-cad-suite/lib/../share/yosys/lattice/cells_ff.vh:3.1-3.261.
Generating RTLIL representation for module `\FD1P3AY'.
Replacing existing blackbox module `\FD1P3BX' at /home/juan/fpga_tools/oss-cad-suite/lib/../share/yosys/lattice/cells_ff.vh:4.1-4.261.
Generating RTLIL representation for module `\FD1P3BX'.
Replacing existing blackbox module `\FD1P3DX' at /home/juan/fpga_tools/oss-cad-suite/lib/../share/yosys/lattice/cells_ff.vh:5.1-5.261.
Generating RTLIL representation for module `\FD1P3DX'.
Replacing existing blackbox module `\FD1P3IX' at /home/juan/fpga_tools/oss-cad-suite/lib/../share/yosys/lattice/cells_ff.vh:6.1-6.261.
Generating RTLIL representation for module `\FD1P3IX'.
Replacing existing blackbox module `\FD1P3JX' at /home/juan/fpga_tools/oss-cad-suite/lib/../share/yosys/lattice/cells_ff.vh:7.1-7.261.
Generating RTLIL representation for module `\FD1P3JX'.
Replacing existing blackbox module `\FD1S3AX' at /home/juan/fpga_tools/oss-cad-suite/lib/../share/yosys/lattice/cells_ff.vh:8.1-8.261.
Generating RTLIL representation for module `\FD1S3AX'.
Replacing existing blackbox module `\FD1S3AY' at /home/juan/fpga_tools/oss-cad-suite/lib/../share/yosys/lattice/cells_ff.vh:9.1-9.261.
Generating RTLIL representation for module `\FD1S3AY'.
Replacing existing blackbox module `\FD1S3BX' at /home/juan/fpga_tools/oss-cad-suite/lib/../share/yosys/lattice/cells_ff.vh:10.1-10.261.
Generating RTLIL representation for module `\FD1S3BX'.
Replacing existing blackbox module `\FD1S3DX' at /home/juan/fpga_tools/oss-cad-suite/lib/../share/yosys/lattice/cells_ff.vh:11.1-11.261.
Generating RTLIL representation for module `\FD1S3DX'.
Replacing existing blackbox module `\FD1S3IX' at /home/juan/fpga_tools/oss-cad-suite/lib/../share/yosys/lattice/cells_ff.vh:12.1-12.261.
Generating RTLIL representation for module `\FD1S3IX'.
Replacing existing blackbox module `\FD1S3JX' at /home/juan/fpga_tools/oss-cad-suite/lib/../share/yosys/lattice/cells_ff.vh:13.1-13.261.
Generating RTLIL representation for module `\FD1S3JX'.
Replacing existing blackbox module `\IFS1P3BX' at /home/juan/fpga_tools/oss-cad-suite/lib/../share/yosys/lattice/cells_ff.vh:26.1-26.301.
Generating RTLIL representation for module `\IFS1P3BX'.
Replacing existing blackbox module `\IFS1P3DX' at /home/juan/fpga_tools/oss-cad-suite/lib/../share/yosys/lattice/cells_ff.vh:27.1-27.301.
Generating RTLIL representation for module `\IFS1P3DX'.
Replacing existing blackbox module `\IFS1P3IX' at /home/juan/fpga_tools/oss-cad-suite/lib/../share/yosys/lattice/cells_ff.vh:28.1-28.301.
Generating RTLIL representation for module `\IFS1P3IX'.
Replacing existing blackbox module `\IFS1P3JX' at /home/juan/fpga_tools/oss-cad-suite/lib/../share/yosys/lattice/cells_ff.vh:29.1-29.301.
Generating RTLIL representation for module `\IFS1P3JX'.
Replacing existing blackbox module `\OFS1P3BX' at /home/juan/fpga_tools/oss-cad-suite/lib/../share/yosys/lattice/cells_ff.vh:31.1-31.302.
Generating RTLIL representation for module `\OFS1P3BX'.
Replacing existing blackbox module `\OFS1P3DX' at /home/juan/fpga_tools/oss-cad-suite/lib/../share/yosys/lattice/cells_ff.vh:32.1-32.302.
Generating RTLIL representation for module `\OFS1P3DX'.
Replacing existing blackbox module `\OFS1P3IX' at /home/juan/fpga_tools/oss-cad-suite/lib/../share/yosys/lattice/cells_ff.vh:33.1-33.302.
Generating RTLIL representation for module `\OFS1P3IX'.
Replacing existing blackbox module `\OFS1P3JX' at /home/juan/fpga_tools/oss-cad-suite/lib/../share/yosys/lattice/cells_ff.vh:34.1-34.302.
Generating RTLIL representation for module `\OFS1P3JX'.
Replacing existing blackbox module `\IB' at /home/juan/fpga_tools/oss-cad-suite/lib/../share/yosys/lattice/cells_io.vh:2.1-2.157.
Generating RTLIL representation for module `\IB'.
Replacing existing blackbox module `\IBPU' at /home/juan/fpga_tools/oss-cad-suite/lib/../share/yosys/lattice/cells_io.vh:3.1-3.157.
Generating RTLIL representation for module `\IBPU'.
Replacing existing blackbox module `\IBPD' at /home/juan/fpga_tools/oss-cad-suite/lib/../share/yosys/lattice/cells_io.vh:4.1-4.157.
Generating RTLIL representation for module `\IBPD'.
Replacing existing blackbox module `\OB' at /home/juan/fpga_tools/oss-cad-suite/lib/../share/yosys/lattice/cells_io.vh:5.1-5.157.
Generating RTLIL representation for module `\OB'.
Replacing existing blackbox module `\OBZ' at /home/juan/fpga_tools/oss-cad-suite/lib/../share/yosys/lattice/cells_io.vh:6.1-6.164.
Generating RTLIL representation for module `\OBZ'.
Replacing existing blackbox module `\OBZPU' at /home/juan/fpga_tools/oss-cad-suite/lib/../share/yosys/lattice/cells_io.vh:7.1-7.164.
Generating RTLIL representation for module `\OBZPU'.
Replacing existing blackbox module `\OBZPD' at /home/juan/fpga_tools/oss-cad-suite/lib/../share/yosys/lattice/cells_io.vh:8.1-8.164.
Generating RTLIL representation for module `\OBZPD'.
Replacing existing blackbox module `\OBCO' at /home/juan/fpga_tools/oss-cad-suite/lib/../share/yosys/lattice/cells_io.vh:9.1-9.90.
Generating RTLIL representation for module `\OBCO'.
Replacing existing blackbox module `\BB' at /home/juan/fpga_tools/oss-cad-suite/lib/../share/yosys/lattice/cells_io.vh:10.1-10.179.
Generating RTLIL representation for module `\BB'.
Replacing existing blackbox module `\BBPU' at /home/juan/fpga_tools/oss-cad-suite/lib/../share/yosys/lattice/cells_io.vh:11.1-11.179.
Generating RTLIL representation for module `\BBPU'.
Replacing existing blackbox module `\BBPD' at /home/juan/fpga_tools/oss-cad-suite/lib/../share/yosys/lattice/cells_io.vh:12.1-12.179.
Generating RTLIL representation for module `\BBPD'.
Replacing existing blackbox module `\ILVDS' at /home/juan/fpga_tools/oss-cad-suite/lib/../share/yosys/lattice/cells_io.vh:13.1-13.139.
Generating RTLIL representation for module `\ILVDS'.
Replacing existing blackbox module `\OLVDS' at /home/juan/fpga_tools/oss-cad-suite/lib/../share/yosys/lattice/cells_io.vh:14.1-14.146.
Generating RTLIL representation for module `\OLVDS'.
Successfully finished Verilog frontend.

7.2. Executing Verilog-2005 frontend: /home/juan/fpga_tools/oss-cad-suite/lib/../share/yosys/lattice/cells_bb_ecp5.v
Parsing Verilog input from `/home/juan/fpga_tools/oss-cad-suite/lib/../share/yosys/lattice/cells_bb_ecp5.v' to AST representation.
Generating RTLIL representation for module `\GSR'.
Generating RTLIL representation for module `\PUR'.
Generating RTLIL representation for module `\SGSR'.
Generating RTLIL representation for module `\PDPW16KD'.
Generating RTLIL representation for module `\MULT18X18D'.
Generating RTLIL representation for module `\ALU54B'.
Generating RTLIL representation for module `\CLKDIVF'.
Generating RTLIL representation for module `\PCSCLKDIV'.
Generating RTLIL representation for module `\DCSC'.
Generating RTLIL representation for module `\DCCA'.
Generating RTLIL representation for module `\ECLKSYNCB'.
Generating RTLIL representation for module `\ECLKBRIDGECS'.
Generating RTLIL representation for module `\DELAYF'.
Generating RTLIL representation for module `\DELAYG'.
Generating RTLIL representation for module `\USRMCLK'.
Generating RTLIL representation for module `\DQSBUFM'.
Generating RTLIL representation for module `\DDRDLLA'.
Generating RTLIL representation for module `\DLLDELD'.
Generating RTLIL representation for module `\IDDRX1F'.
Generating RTLIL representation for module `\IDDRX2F'.
Generating RTLIL representation for module `\IDDR71B'.
Generating RTLIL representation for module `\IDDRX2DQA'.
Generating RTLIL representation for module `\ODDRX1F'.
Generating RTLIL representation for module `\ODDRX2F'.
Generating RTLIL representation for module `\ODDR71B'.
Generating RTLIL representation for module `\OSHX2A'.
Generating RTLIL representation for module `\TSHX2DQA'.
Generating RTLIL representation for module `\TSHX2DQSA'.
Generating RTLIL representation for module `\ODDRX2DQA'.
Generating RTLIL representation for module `\ODDRX2DQSB'.
Generating RTLIL representation for module `\EHXPLLL'.
Generating RTLIL representation for module `\DTR'.
Generating RTLIL representation for module `\OSCG'.
Generating RTLIL representation for module `\EXTREFB'.
Generating RTLIL representation for module `\JTAGG'.
Generating RTLIL representation for module `\DCUA'.
Successfully finished Verilog frontend.

7.3. Executing HIERARCHY pass (managing design hierarchy).

7.4. Executing AST frontend in derive mode using pre-parsed AST for module `\bcd_to_bin_16'.
Generating RTLIL representation for module `\bcd_to_bin_16'.

7.4.1. Analyzing design hierarchy..
Top module:  \bcd_to_bin_16

7.4.2. Executing AST frontend in derive mode using pre-parsed AST for module `\comp_z'.
Generating RTLIL representation for module `\comp_z'.

7.4.3. Executing AST frontend in derive mode using pre-parsed AST for module `\contador_desc'.
Generating RTLIL representation for module `\contador_desc'.

7.4.4. Executing AST frontend in derive mode using pre-parsed AST for module `\acc_bcd_sub'.
Generating RTLIL representation for module `\acc_bcd_sub'.

7.4.5. Executing AST frontend in derive mode using pre-parsed AST for module `\rcr_32_combined'.
Generating RTLIL representation for module `\rcr_32_combined'.

7.4.6. Executing AST frontend in derive mode using pre-parsed AST for module `\control_bcd_bin'.
Generating RTLIL representation for module `\control_bcd_bin'.

7.4.7. Analyzing design hierarchy..
Top module:  \bcd_to_bin_16
Used module:     \comp_z
Used module:     \contador_desc
Used module:     \acc_bcd_sub
Used module:     \rcr_32_combined
Used module:     \control_bcd_bin

7.4.8. Analyzing design hierarchy..
Top module:  \bcd_to_bin_16
Used module:     \comp_z
Used module:     \contador_desc
Used module:     \acc_bcd_sub
Used module:     \rcr_32_combined
Used module:     \control_bcd_bin
Removing unused module `$abstract\comp_z'.
Removing unused module `$abstract\contador_desc'.
Removing unused module `$abstract\acc_bcd_sub'.
Removing unused module `$abstract\rcr_32_combined'.
Removing unused module `$abstract\control_bcd_bin'.
Removing unused module `$abstract\bcd_to_bin_16'.
Removed 6 unused modules.

7.5. Executing PROC pass (convert processes to netlists).

7.5.1. Executing PROC_CLEAN pass (remove empty switches from decision trees).
Cleaned up 0 empty switches.

7.5.2. Executing PROC_RMDEAD pass (remove dead branches from decision trees).
Marked 1 switch rules as full_case in process $proc$control_bcd_bin.v:48$256 in module control_bcd_bin.
Marked 5 switch rules as full_case in process $proc$control_bcd_bin.v:19$253 in module control_bcd_bin.
Marked 3 switch rules as full_case in process $proc$rcr_32_combined.v:9$250 in module rcr_32_combined.
Marked 1 switch rules as full_case in process $proc$acc_bcd_sub.v:6$233 in module acc_bcd_sub.
Marked 2 switch rules as full_case in process $proc$contador_desc.v:7$230 in module contador_desc.
Removed a total of 0 dead cases.

7.5.3. Executing PROC_PRUNE pass (remove redundant assignments in processes).
Removed 5 redundant assignments.
Promoted 14 assignments to connections.

7.5.4. Executing PROC_INIT pass (extract init attributes).
Found init rule in `\control_bcd_bin.$proc$control_bcd_bin.v:14$257'.
  Set init value: \done = 1'0
  Set init value: \w_sh_r = 1'0
  Set init value: \w_rst = 1'0
  Set init value: \w_sub = 1'0
  Set init value: \state = 3'000
  Set init value: \cont = 5'00000
Found init rule in `\rcr_32_combined.$proc$rcr_32_combined.v:7$252'.
  Set init value: \s_out = 0
Found init rule in `\contador_desc.$proc$contador_desc.v:5$232'.
  Set init value: \val = 5'00000
Found init rule in `\comp_z.$proc$comp_z.v:6$229'.
  Set init value: \tmp = 1'0

7.5.5. Executing PROC_ARST pass (detect async resets in processes).

7.5.6. Executing PROC_ROM pass (convert switches to ROMs).
Converted 0 switches.
<suppressed ~12 debug messages>

7.5.7. Executing PROC_MUX pass (convert decision trees to multiplexers).
Creating decoders for process `\control_bcd_bin.$proc$control_bcd_bin.v:14$257'.
Creating decoders for process `\control_bcd_bin.$proc$control_bcd_bin.v:48$256'.
     1/4: $0\w_sub[0:0]
     2/4: $0\w_sh_r[0:0]
     3/4: $0\w_rst[0:0]
     4/4: $0\done[0:0]
Creating decoders for process `\control_bcd_bin.$proc$control_bcd_bin.v:19$253'.
     1/9: $5\state[2:0]
     2/9: $4\cont[4:0]
     3/9: $4\state[2:0]
     4/9: $3\state[2:0]
     5/9: $3\cont[4:0]
     6/9: $2\cont[4:0]
     7/9: $2\state[2:0]
     8/9: $1\state[2:0]
     9/9: $1\cont[4:0]
Creating decoders for process `\rcr_32_combined.$proc$rcr_32_combined.v:7$252'.
Creating decoders for process `\rcr_32_combined.$proc$rcr_32_combined.v:9$250'.
     1/4: $3\s_out[31:0]
     2/4: $2\s_out[31:0] [31:16]
     3/4: $2\s_out[31:0] [15:0]
     4/4: $1\s_out[31:0]
Creating decoders for process `\acc_bcd_sub.$proc$acc_bcd_sub.v:6$233'.
     1/4: $0\out_bcd[15:0] [15:12]
     2/4: $0\out_bcd[15:0] [3:0]
     3/4: $0\out_bcd[15:0] [7:4]
     4/4: $0\out_bcd[15:0] [11:8]
Creating decoders for process `\contador_desc.$proc$contador_desc.v:5$232'.
Creating decoders for process `\contador_desc.$proc$contador_desc.v:7$230'.
     1/2: $2\val[4:0]
     2/2: $1\val[4:0]
Creating decoders for process `\comp_z.$proc$comp_z.v:6$229'.
Creating decoders for process `\comp_z.$proc$comp_z.v:9$226'.

7.5.8. Executing PROC_DLATCH pass (convert process syncs to latches).
No latch inferred for signal `\control_bcd_bin.\done' from process `\control_bcd_bin.$proc$control_bcd_bin.v:48$256'.
Removing init bit 1'0 for non-memory siginal `\control_bcd_bin.\done` in process `\control_bcd_bin.$proc$control_bcd_bin.v:48$256`.
No latch inferred for signal `\control_bcd_bin.\w_sh_r' from process `\control_bcd_bin.$proc$control_bcd_bin.v:48$256'.
Removing init bit 1'0 for non-memory siginal `\control_bcd_bin.\w_sh_r` in process `\control_bcd_bin.$proc$control_bcd_bin.v:48$256`.
No latch inferred for signal `\control_bcd_bin.\w_rst' from process `\control_bcd_bin.$proc$control_bcd_bin.v:48$256'.
Removing init bit 1'0 for non-memory siginal `\control_bcd_bin.\w_rst` in process `\control_bcd_bin.$proc$control_bcd_bin.v:48$256`.
No latch inferred for signal `\control_bcd_bin.\w_sub' from process `\control_bcd_bin.$proc$control_bcd_bin.v:48$256'.
Removing init bit 1'0 for non-memory siginal `\control_bcd_bin.\w_sub` in process `\control_bcd_bin.$proc$control_bcd_bin.v:48$256`.
No latch inferred for signal `\acc_bcd_sub.\out_bcd' from process `\acc_bcd_sub.$proc$acc_bcd_sub.v:6$233'.
No latch inferred for signal `\comp_z.\tmp' from process `\comp_z.$proc$comp_z.v:9$226'.
Removing init bit 1'0 for non-memory siginal `\comp_z.\tmp` in process `\comp_z.$proc$comp_z.v:9$226`.

7.5.9. Executing PROC_DFF pass (convert process syncs to FFs).
Creating register for signal `\control_bcd_bin.\state' using process `\control_bcd_bin.$proc$control_bcd_bin.v:19$253'.
  created $dff cell `$procdff$400' with positive edge clock.
Creating register for signal `\control_bcd_bin.\cont' using process `\control_bcd_bin.$proc$control_bcd_bin.v:19$253'.
  created $dff cell `$procdff$401' with positive edge clock.
Creating register for signal `\rcr_32_combined.\s_out' using process `\rcr_32_combined.$proc$rcr_32_combined.v:9$250'.
  created $dff cell `$procdff$402' with positive edge clock.
Creating register for signal `\contador_desc.\val' using process `\contador_desc.$proc$contador_desc.v:7$230'.
  created $dff cell `$procdff$403' with positive edge clock.

7.5.10. Executing PROC_MEMWR pass (convert process memory writes to cells).

7.5.11. Executing PROC_CLEAN pass (remove empty switches from decision trees).
Removing empty process `control_bcd_bin.$proc$control_bcd_bin.v:14$257'.
Found and cleaned up 1 empty switch in `\control_bcd_bin.$proc$control_bcd_bin.v:48$256'.
Removing empty process `control_bcd_bin.$proc$control_bcd_bin.v:48$256'.
Found and cleaned up 5 empty switches in `\control_bcd_bin.$proc$control_bcd_bin.v:19$253'.
Removing empty process `control_bcd_bin.$proc$control_bcd_bin.v:19$253'.
Removing empty process `rcr_32_combined.$proc$rcr_32_combined.v:7$252'.
Found and cleaned up 3 empty switches in `\rcr_32_combined.$proc$rcr_32_combined.v:9$250'.
Removing empty process `rcr_32_combined.$proc$rcr_32_combined.v:9$250'.
Found and cleaned up 1 empty switch in `\acc_bcd_sub.$proc$acc_bcd_sub.v:6$233'.
Removing empty process `acc_bcd_sub.$proc$acc_bcd_sub.v:6$233'.
Removing empty process `contador_desc.$proc$contador_desc.v:5$232'.
Found and cleaned up 2 empty switches in `\contador_desc.$proc$contador_desc.v:7$230'.
Removing empty process `contador_desc.$proc$contador_desc.v:7$230'.
Removing empty process `comp_z.$proc$comp_z.v:6$229'.
Removing empty process `comp_z.$proc$comp_z.v:9$226'.
Cleaned up 12 empty switches.

7.5.12. Executing OPT_EXPR pass (perform const folding).
Optimizing module control_bcd_bin.
<suppressed ~4 debug messages>
Optimizing module rcr_32_combined.
<suppressed ~1 debug messages>
Optimizing module acc_bcd_sub.
Optimizing module contador_desc.
Optimizing module comp_z.
<suppressed ~1 debug messages>
Optimizing module bcd_to_bin_16.

7.6. Executing CHECK pass (checking for obvious problems).
Checking module control_bcd_bin...
Checking module rcr_32_combined...
Checking module acc_bcd_sub...
Checking module contador_desc...
Checking module comp_z...
Checking module bcd_to_bin_16...
Found and reported 0 problems.

7.7. Executing FLATTEN pass (flatten design).
Deleting now unused module control_bcd_bin.
Deleting now unused module rcr_32_combined.
Deleting now unused module acc_bcd_sub.
Deleting now unused module contador_desc.
Deleting now unused module comp_z.
<suppressed ~5 debug messages>

7.8. Executing TRIBUF pass.

7.9. Executing DEMINOUT pass (demote inout ports to input or output).

7.10. Executing OPT_EXPR pass (perform const folding).
Optimizing module bcd_to_bin_16.

7.11. Executing OPT_CLEAN pass (remove unused cells and wires).
Finding unused cells or wires in module \bcd_to_bin_16..
Removed 0 unused cells and 77 unused wires.
<suppressed ~5 debug messages>

7.12. Executing CHECK pass (checking for obvious problems).
Checking module bcd_to_bin_16...
Found and reported 0 problems.

7.13. Executing OPT pass (performing simple optimizations).

7.13.1. Executing OPT_EXPR pass (perform const folding).
Optimizing module bcd_to_bin_16.

7.13.2. Executing OPT_MERGE pass (detect identical cells).
Finding identical cells in module `\bcd_to_bin_16'.
Computing hashes of 85 cells of `\bcd_to_bin_16'.
Finding duplicate cells in `\bcd_to_bin_16'.
Computing hashes of 71 cells of `\bcd_to_bin_16'.
Finding duplicate cells in `\bcd_to_bin_16'.
<suppressed ~42 debug messages>
Removed a total of 14 cells.

7.13.3. Executing OPT_MUXTREE pass (detect dead branches in mux trees).
Running muxtree optimizer on module \bcd_to_bin_16..
  Creating internal representation of mux trees.
  Evaluating internal representation of mux trees.
  Analyzing evaluation results.
    dead port 2/2 on $mux $flatten\acc0.$procmux$380.
    dead port 2/2 on $mux $flatten\acc0.$procmux$383.
    dead port 2/2 on $mux $flatten\acc0.$procmux$386.
    dead port 2/2 on $mux $flatten\acc0.$procmux$389.
    dead port 1/2 on $mux $flatten\rcr0.$procmux$359.
    dead port 1/2 on $mux $flatten\rcr0.$procmux$362.
    dead port 1/2 on $mux $flatten\rcr0.$procmux$368.
    dead port 1/2 on $mux $flatten\rcr0.$procmux$374.
    dead port 1/2 on $mux $flatten\count0.$procmux$395.
    dead port 2/2 on $mux $flatten\control0.$procmux$280.
    dead port 1/2 on $mux $flatten\control0.$procmux$283.
    dead port 2/2 on $mux $flatten\control0.$procmux$289.
    dead port 1/2 on $mux $flatten\control0.$procmux$292.
    dead port 2/2 on $mux $flatten\control0.$procmux$301.
    dead port 1/2 on $mux $flatten\control0.$procmux$304.
    dead port 2/2 on $mux $flatten\control0.$procmux$314.
    dead port 1/2 on $mux $flatten\control0.$procmux$317.
    dead port 2/2 on $mux $flatten\control0.$procmux$327.
    dead port 1/2 on $mux $flatten\control0.$procmux$330.
    dead port 1/2 on $mux $flatten\control0.$procmux$337.
    dead port 1/2 on $mux $flatten\control0.$procmux$347.
Removed 21 multiplexer ports.
<suppressed ~61 debug messages>

7.13.4. Executing OPT_REDUCE pass (consolidate $*mux and $reduce_* inputs).
  Optimizing cells in module \bcd_to_bin_16.
    New ctrl vector for $pmux cell $flatten\control0.$procmux$268: $auto$opt_reduce.cc:135:opt_pmux$410
  Optimizing cells in module \bcd_to_bin_16.
Performed a total of 1 changes.

7.13.5. Executing OPT_MERGE pass (detect identical cells).
Finding identical cells in module `\bcd_to_bin_16'.
Computing hashes of 51 cells of `\bcd_to_bin_16'.
Finding duplicate cells in `\bcd_to_bin_16'.
Removed a total of 0 cells.

7.13.6. Executing OPT_DFF pass (perform DFF optimizations).

7.13.7. Executing OPT_CLEAN pass (remove unused cells and wires).
Finding unused cells or wires in module \bcd_to_bin_16..
Removed 0 unused cells and 31 unused wires.
<suppressed ~1 debug messages>

7.13.8. Executing OPT_EXPR pass (perform const folding).
Optimizing module bcd_to_bin_16.
<suppressed ~2 debug messages>

7.13.9. Rerunning OPT passes. (Maybe there is more to do..)

7.13.10. Executing OPT_MUXTREE pass (detect dead branches in mux trees).
Running muxtree optimizer on module \bcd_to_bin_16..
  Creating internal representation of mux trees.
  Evaluating internal representation of mux trees.
  Analyzing evaluation results.
    dead port 1/2 on $mux $flatten\control0.$procmux$268.
    dead port 2/2 on $mux $flatten\control0.$procmux$268.
Removed 2 multiplexer ports.
<suppressed ~34 debug messages>

7.13.11. Executing OPT_REDUCE pass (consolidate $*mux and $reduce_* inputs).
  Optimizing cells in module \bcd_to_bin_16.
Performed a total of 0 changes.

7.13.12. Executing OPT_MERGE pass (detect identical cells).
Finding identical cells in module `\bcd_to_bin_16'.
Computing hashes of 50 cells of `\bcd_to_bin_16'.
Finding duplicate cells in `\bcd_to_bin_16'.
Removed a total of 0 cells.

7.13.13. Executing OPT_DFF pass (perform DFF optimizations).

7.13.14. Executing OPT_CLEAN pass (remove unused cells and wires).
Finding unused cells or wires in module \bcd_to_bin_16..
Removed 0 unused cells and 4 unused wires.
<suppressed ~4 debug messages>

7.13.15. Executing OPT_EXPR pass (perform const folding).
Optimizing module bcd_to_bin_16.

7.13.16. Rerunning OPT passes. (Maybe there is more to do..)

7.13.17. Executing OPT_MUXTREE pass (detect dead branches in mux trees).
Running muxtree optimizer on module \bcd_to_bin_16..
  Creating internal representation of mux trees.
  Evaluating internal representation of mux trees.
  Analyzing evaluation results.
Removed 0 multiplexer ports.
<suppressed ~34 debug messages>

7.13.18. Executing OPT_REDUCE pass (consolidate $*mux and $reduce_* inputs).
  Optimizing cells in module \bcd_to_bin_16.
Performed a total of 0 changes.

7.13.19. Executing OPT_MERGE pass (detect identical cells).
Finding identical cells in module `\bcd_to_bin_16'.
Computing hashes of 50 cells of `\bcd_to_bin_16'.
Finding duplicate cells in `\bcd_to_bin_16'.
Removed a total of 0 cells.

7.13.20. Executing OPT_DFF pass (perform DFF optimizations).

7.13.21. Executing OPT_CLEAN pass (remove unused cells and wires).
Finding unused cells or wires in module \bcd_to_bin_16..

7.13.22. Executing OPT_EXPR pass (perform const folding).
Optimizing module bcd_to_bin_16.

7.13.23. Finished fast OPT passes. (There is nothing left to do.)

7.14. Executing FSM pass (extract and optimize FSM).

7.14.1. Executing FSM_DETECT pass (finding FSMs in design).
Not marking bcd_to_bin_16.control0.state as FSM state register:
    Register has an initialization value.

7.14.2. Executing FSM_EXTRACT pass (extracting FSM from design).

7.14.3. Executing FSM_OPT pass (simple optimizations of FSMs).

7.14.4. Executing OPT_CLEAN pass (remove unused cells and wires).
Finding unused cells or wires in module \bcd_to_bin_16..

7.14.5. Executing FSM_OPT pass (simple optimizations of FSMs).

7.14.6. Executing FSM_RECODE pass (re-assigning FSM state encoding).

7.14.7. Executing FSM_INFO pass (dumping all available information on FSM cells).

7.14.8. Executing FSM_MAP pass (mapping FSMs to basic logic).

7.15. Executing OPT pass (performing simple optimizations).

7.15.1. Executing OPT_EXPR pass (perform const folding).
Optimizing module bcd_to_bin_16.

7.15.2. Executing OPT_MERGE pass (detect identical cells).
Finding identical cells in module `\bcd_to_bin_16'.
Computing hashes of 50 cells of `\bcd_to_bin_16'.
Finding duplicate cells in `\bcd_to_bin_16'.
Removed a total of 0 cells.

7.15.3. Executing OPT_MUXTREE pass (detect dead branches in mux trees).
Running muxtree optimizer on module \bcd_to_bin_16..
  Creating internal representation of mux trees.
  Evaluating internal representation of mux trees.
  Analyzing evaluation results.
Removed 0 multiplexer ports.
<suppressed ~34 debug messages>

7.15.4. Executing OPT_REDUCE pass (consolidate $*mux and $reduce_* inputs).
  Optimizing cells in module \bcd_to_bin_16.
Performed a total of 0 changes.

7.15.5. Executing OPT_MERGE pass (detect identical cells).
Finding identical cells in module `\bcd_to_bin_16'.
Computing hashes of 50 cells of `\bcd_to_bin_16'.
Finding duplicate cells in `\bcd_to_bin_16'.
Removed a total of 0 cells.

7.15.6. Executing OPT_DFF pass (perform DFF optimizations).
Adding SRST signal on $flatten\rcr0.$procdff$402 ($dff) from module bcd_to_bin_16 (D = $flatten\rcr0.$2\s_out[31:0] [15:0], Q = \rcr0.s_out [15:0], rval = 16'0000000000000000).
Adding EN signal on $flatten\rcr0.$procdff$402 ($dff) from module bcd_to_bin_16 (D = $flatten\rcr0.$0\s_out[31:0] [19:16], Q = \rcr0.s_out [19:16]).
Adding EN signal on $flatten\rcr0.$procdff$402 ($dff) from module bcd_to_bin_16 (D = $flatten\rcr0.$0\s_out[31:0] [23:20], Q = \rcr0.s_out [23:20]).
Adding EN signal on $flatten\rcr0.$procdff$402 ($dff) from module bcd_to_bin_16 (D = $flatten\rcr0.$0\s_out[31:0] [27:24], Q = \rcr0.s_out [27:24]).
Adding EN signal on $flatten\rcr0.$procdff$402 ($dff) from module bcd_to_bin_16 (D = $flatten\rcr0.$0\s_out[31:0] [31:28], Q = \rcr0.s_out [31:28]).
Adding EN signal on $auto$ff.cc:337:slice$411 ($sdff) from module bcd_to_bin_16 (D = \rcr0.s_out [16:1], Q = \rcr0.s_out [15:0]).
Adding EN signal on $flatten\control0.$procdff$401 ($dff) from module bcd_to_bin_16 (D = $flatten\control0.$2\cont[4:0], Q = \control0.cont).
Adding SRST signal on $flatten\control0.$procdff$400 ($dff) from module bcd_to_bin_16 (D = $flatten\control0.$2\state[2:0], Q = \control0.state, rval = 3'000).
Adding SRST signal on $flatten\count0.$procdff$403 ($dff) from module bcd_to_bin_16 (D = $flatten\count0.$2\val[4:0], Q = \count0.val, rval = 5'10000).
Adding EN signal on $auto$ff.cc:337:slice$458 ($sdff) from module bcd_to_bin_16 (D = $flatten\count0.$sub$contador_desc.v:11$231_Y [4:0], Q = \count0.val).

7.15.7. Executing OPT_CLEAN pass (remove unused cells and wires).
Finding unused cells or wires in module \bcd_to_bin_16..
Removed 4 unused cells and 4 unused wires.
<suppressed ~5 debug messages>

7.15.8. Executing OPT_EXPR pass (perform const folding).
Optimizing module bcd_to_bin_16.
<suppressed ~1 debug messages>

7.15.9. Rerunning OPT passes. (Maybe there is more to do..)

7.15.10. Executing OPT_MUXTREE pass (detect dead branches in mux trees).
Running muxtree optimizer on module \bcd_to_bin_16..
  Creating internal representation of mux trees.
  Evaluating internal representation of mux trees.
  Analyzing evaluation results.
Removed 0 multiplexer ports.
<suppressed ~29 debug messages>

7.15.11. Executing OPT_REDUCE pass (consolidate $*mux and $reduce_* inputs).
  Optimizing cells in module \bcd_to_bin_16.
Performed a total of 0 changes.

7.15.12. Executing OPT_MERGE pass (detect identical cells).
Finding identical cells in module `\bcd_to_bin_16'.
Computing hashes of 69 cells of `\bcd_to_bin_16'.
Finding duplicate cells in `\bcd_to_bin_16'.
Computing hashes of 66 cells of `\bcd_to_bin_16'.
Finding duplicate cells in `\bcd_to_bin_16'.
<suppressed ~9 debug messages>
Removed a total of 3 cells.

7.15.13. Executing OPT_DFF pass (perform DFF optimizations).

7.15.14. Executing OPT_CLEAN pass (remove unused cells and wires).
Finding unused cells or wires in module \bcd_to_bin_16..
Removed 0 unused cells and 3 unused wires.
<suppressed ~1 debug messages>

7.15.15. Executing OPT_EXPR pass (perform const folding).
Optimizing module bcd_to_bin_16.

7.15.16. Rerunning OPT passes. (Maybe there is more to do..)

7.15.17. Executing OPT_MUXTREE pass (detect dead branches in mux trees).
Running muxtree optimizer on module \bcd_to_bin_16..
  Creating internal representation of mux trees.
  Evaluating internal representation of mux trees.
  Analyzing evaluation results.
Removed 0 multiplexer ports.
<suppressed ~29 debug messages>

7.15.18. Executing OPT_REDUCE pass (consolidate $*mux and $reduce_* inputs).
  Optimizing cells in module \bcd_to_bin_16.
Performed a total of 0 changes.

7.15.19. Executing OPT_MERGE pass (detect identical cells).
Finding identical cells in module `\bcd_to_bin_16'.
Computing hashes of 66 cells of `\bcd_to_bin_16'.
Finding duplicate cells in `\bcd_to_bin_16'.
Removed a total of 0 cells.

7.15.20. Executing OPT_DFF pass (perform DFF optimizations).

7.15.21. Executing OPT_CLEAN pass (remove unused cells and wires).
Finding unused cells or wires in module \bcd_to_bin_16..

7.15.22. Executing OPT_EXPR pass (perform const folding).
Optimizing module bcd_to_bin_16.

7.15.23. Finished fast OPT passes. (There is nothing left to do.)

7.16. Executing WREDUCE pass (reducing word size of cells).
Removed top 2 bits (of 3) from port B of cell bcd_to_bin_16.$auto$opt_dff.cc:235:make_patterns_logic$436 ($ne).
Removed top 2 bits (of 3) from mux cell bcd_to_bin_16.$flatten\control0.$procmux$312 ($mux).
Removed top 2 bits (of 3) from port B of cell bcd_to_bin_16.$flatten\control0.$procmux$272_CMP0 ($eq).
Removed top 1 bits (of 3) from port B of cell bcd_to_bin_16.$flatten\control0.$procmux$266_CMP0 ($eq).
Removed top 1 bits (of 3) from port B of cell bcd_to_bin_16.$flatten\control0.$procmux$262_CMP0 ($eq).
Removed top 31 bits (of 32) from port B of cell bcd_to_bin_16.$flatten\control0.$add$control_bcd_bin.v:39$255 ($add).
Removed top 27 bits (of 32) from port Y of cell bcd_to_bin_16.$flatten\control0.$add$control_bcd_bin.v:39$255 ($add).
Removed top 28 bits (of 32) from mux cell bcd_to_bin_16.$flatten\acc0.$ternary$acc_bcd_sub.v:11$249 ($mux).
Removed top 30 bits (of 32) from port B of cell bcd_to_bin_16.$flatten\acc0.$sub$acc_bcd_sub.v:11$247 ($sub).
Removed top 28 bits (of 32) from port Y of cell bcd_to_bin_16.$flatten\acc0.$sub$acc_bcd_sub.v:11$247 ($sub).
Removed top 28 bits (of 32) from port B of cell bcd_to_bin_16.$flatten\acc0.$ge$acc_bcd_sub.v:11$246 ($ge).
Removed top 28 bits (of 32) from mux cell bcd_to_bin_16.$flatten\acc0.$ternary$acc_bcd_sub.v:10$245 ($mux).
Removed top 30 bits (of 32) from port B of cell bcd_to_bin_16.$flatten\acc0.$sub$acc_bcd_sub.v:10$243 ($sub).
Removed top 28 bits (of 32) from port Y of cell bcd_to_bin_16.$flatten\acc0.$sub$acc_bcd_sub.v:10$243 ($sub).
Removed top 28 bits (of 32) from port B of cell bcd_to_bin_16.$flatten\acc0.$ge$acc_bcd_sub.v:10$242 ($ge).
Removed top 28 bits (of 32) from mux cell bcd_to_bin_16.$flatten\acc0.$ternary$acc_bcd_sub.v:9$241 ($mux).
Removed top 30 bits (of 32) from port B of cell bcd_to_bin_16.$flatten\acc0.$sub$acc_bcd_sub.v:9$239 ($sub).
Removed top 28 bits (of 32) from port Y of cell bcd_to_bin_16.$flatten\acc0.$sub$acc_bcd_sub.v:9$239 ($sub).
Removed top 28 bits (of 32) from port B of cell bcd_to_bin_16.$flatten\acc0.$ge$acc_bcd_sub.v:9$238 ($ge).
Removed top 28 bits (of 32) from mux cell bcd_to_bin_16.$flatten\acc0.$ternary$acc_bcd_sub.v:8$237 ($mux).
Removed top 30 bits (of 32) from port B of cell bcd_to_bin_16.$flatten\acc0.$sub$acc_bcd_sub.v:8$235 ($sub).
Removed top 28 bits (of 32) from port Y of cell bcd_to_bin_16.$flatten\acc0.$sub$acc_bcd_sub.v:8$235 ($sub).
Removed top 28 bits (of 32) from port B of cell bcd_to_bin_16.$flatten\acc0.$ge$acc_bcd_sub.v:8$234 ($ge).
Removed top 31 bits (of 32) from port B of cell bcd_to_bin_16.$flatten\count0.$sub$contador_desc.v:11$231 ($sub).
Removed top 27 bits (of 32) from port Y of cell bcd_to_bin_16.$flatten\count0.$sub$contador_desc.v:11$231 ($sub).
Removed top 28 bits (of 32) from wire bcd_to_bin_16.$flatten\acc0.$sub$acc_bcd_sub.v:8$235_Y.
Removed top 28 bits (of 32) from wire bcd_to_bin_16.$flatten\acc0.$ternary$acc_bcd_sub.v:9$241_Y.
Removed top 28 bits (of 32) from wire bcd_to_bin_16.$flatten\acc0.$sub$acc_bcd_sub.v:10$243_Y.
Removed top 27 bits (of 32) from wire bcd_to_bin_16.$flatten\control0.$add$control_bcd_bin.v:39$255_Y.
Removed top 2 bits (of 3) from wire bcd_to_bin_16.$flatten\control0.$3\state[2:0].
Removed top 28 bits (of 32) from wire bcd_to_bin_16.$flatten\acc0.$ternary$acc_bcd_sub.v:10$245_Y.
Removed top 27 bits (of 32) from wire bcd_to_bin_16.$flatten\count0.$sub$contador_desc.v:11$231_Y.
Removed top 28 bits (of 32) from wire bcd_to_bin_16.$flatten\acc0.$sub$acc_bcd_sub.v:9$239_Y.
Removed top 28 bits (of 32) from wire bcd_to_bin_16.$flatten\acc0.$sub$acc_bcd_sub.v:11$247_Y.
Removed top 28 bits (of 32) from wire bcd_to_bin_16.$flatten\acc0.$ternary$acc_bcd_sub.v:8$237_Y.
Removed top 28 bits (of 32) from wire bcd_to_bin_16.$flatten\acc0.$ternary$acc_bcd_sub.v:11$249_Y.

7.17. Executing PEEPOPT pass (run peephole optimizers).

7.18. Executing OPT_CLEAN pass (remove unused cells and wires).
Finding unused cells or wires in module \bcd_to_bin_16..
Removed 0 unused cells and 15 unused wires.
<suppressed ~1 debug messages>

7.19. Executing SHARE pass (SAT-based resource sharing).

7.20. Executing TECHMAP pass (map to technology primitives).

7.20.1. Executing Verilog-2005 frontend: /home/juan/fpga_tools/oss-cad-suite/lib/../share/yosys/cmp2lut.v
Parsing Verilog input from `/home/juan/fpga_tools/oss-cad-suite/lib/../share/yosys/cmp2lut.v' to AST representation.
Generating RTLIL representation for module `\_90_lut_cmp_'.
Successfully finished Verilog frontend.

7.20.2. Continuing TECHMAP pass.
Using template $paramod$62a947ff69aed6b25e12e46f5582449016fdd8d6\_90_lut_cmp_ for cells of type $ge.
No more expansions possible.
<suppressed ~39 debug messages>

7.21. Executing OPT_EXPR pass (perform const folding).
Optimizing module bcd_to_bin_16.

7.22. Executing OPT_CLEAN pass (remove unused cells and wires).
Finding unused cells or wires in module \bcd_to_bin_16..
Removed 0 unused cells and 12 unused wires.
<suppressed ~1 debug messages>

7.23. Executing TECHMAP pass (map to technology primitives).

7.23.1. Executing Verilog-2005 frontend: /home/juan/fpga_tools/oss-cad-suite/lib/../share/yosys/mul2dsp.v
Parsing Verilog input from `/home/juan/fpga_tools/oss-cad-suite/lib/../share/yosys/mul2dsp.v' to AST representation.
Generating RTLIL representation for module `\_80_mul'.
Generating RTLIL representation for module `\_90_soft_mul'.
Successfully finished Verilog frontend.

7.23.2. Continuing TECHMAP pass.
No more expansions possible.
<suppressed ~4 debug messages>

7.24. Executing TECHMAP pass (map to technology primitives).

7.24.1. Executing Verilog-2005 frontend: /home/juan/fpga_tools/oss-cad-suite/lib/../share/yosys/lattice/dsp_map_18x18.v
Parsing Verilog input from `/home/juan/fpga_tools/oss-cad-suite/lib/../share/yosys/lattice/dsp_map_18x18.v' to AST representation.
Generating RTLIL representation for module `$__MUL18X18'.
Successfully finished Verilog frontend.

7.24.2. Continuing TECHMAP pass.
No more expansions possible.
<suppressed ~3 debug messages>

7.25. Executing ALUMACC pass (create $alu and $macc cells).
Extracting $alu and $macc cells in module bcd_to_bin_16:
  creating $macc model for $flatten\acc0.$sub$acc_bcd_sub.v:8$235 ($sub).
  creating $macc model for $flatten\acc0.$sub$acc_bcd_sub.v:11$247 ($sub).
  creating $macc model for $flatten\acc0.$sub$acc_bcd_sub.v:9$239 ($sub).
  creating $macc model for $flatten\control0.$add$control_bcd_bin.v:39$255 ($add).
  creating $macc model for $flatten\acc0.$sub$acc_bcd_sub.v:10$243 ($sub).
  creating $macc model for $flatten\count0.$sub$contador_desc.v:11$231 ($sub).
  creating $alu model for $macc $flatten\count0.$sub$contador_desc.v:11$231.
  creating $alu model for $macc $flatten\acc0.$sub$acc_bcd_sub.v:10$243.
  creating $alu model for $macc $flatten\control0.$add$control_bcd_bin.v:39$255.
  creating $alu model for $macc $flatten\acc0.$sub$acc_bcd_sub.v:9$239.
  creating $alu model for $macc $flatten\acc0.$sub$acc_bcd_sub.v:11$247.
  creating $alu model for $macc $flatten\acc0.$sub$acc_bcd_sub.v:8$235.
  creating $alu cell for $flatten\acc0.$sub$acc_bcd_sub.v:8$235: $auto$alumacc.cc:512:replace_alu$477
  creating $alu cell for $flatten\acc0.$sub$acc_bcd_sub.v:11$247: $auto$alumacc.cc:512:replace_alu$480
  creating $alu cell for $flatten\acc0.$sub$acc_bcd_sub.v:9$239: $auto$alumacc.cc:512:replace_alu$483
  creating $alu cell for $flatten\control0.$add$control_bcd_bin.v:39$255: $auto$alumacc.cc:512:replace_alu$486
  creating $alu cell for $flatten\acc0.$sub$acc_bcd_sub.v:10$243: $auto$alumacc.cc:512:replace_alu$489
  creating $alu cell for $flatten\count0.$sub$contador_desc.v:11$231: $auto$alumacc.cc:512:replace_alu$492
  created 6 $alu and 0 $macc cells.

7.26. Executing OPT pass (performing simple optimizations).

7.26.1. Executing OPT_EXPR pass (perform const folding).
Optimizing module bcd_to_bin_16.

7.26.2. Executing OPT_MERGE pass (detect identical cells).
Finding identical cells in module `\bcd_to_bin_16'.
Computing hashes of 66 cells of `\bcd_to_bin_16'.
Finding duplicate cells in `\bcd_to_bin_16'.
Removed a total of 0 cells.

7.26.3. Executing OPT_MUXTREE pass (detect dead branches in mux trees).
Running muxtree optimizer on module \bcd_to_bin_16..
  Creating internal representation of mux trees.
  Evaluating internal representation of mux trees.
  Analyzing evaluation results.
Removed 0 multiplexer ports.
<suppressed ~29 debug messages>

7.26.4. Executing OPT_REDUCE pass (consolidate $*mux and $reduce_* inputs).
  Optimizing cells in module \bcd_to_bin_16.
Performed a total of 0 changes.

7.26.5. Executing OPT_MERGE pass (detect identical cells).
Finding identical cells in module `\bcd_to_bin_16'.
Computing hashes of 66 cells of `\bcd_to_bin_16'.
Finding duplicate cells in `\bcd_to_bin_16'.
Removed a total of 0 cells.

7.26.6. Executing OPT_DFF pass (perform DFF optimizations).

7.26.7. Executing OPT_CLEAN pass (remove unused cells and wires).
Finding unused cells or wires in module \bcd_to_bin_16..

7.26.8. Executing OPT_EXPR pass (perform const folding).
Optimizing module bcd_to_bin_16.

7.26.9. Finished fast OPT passes. (There is nothing left to do.)

7.27. Executing MEMORY pass.

7.27.1. Executing OPT_MEM pass (optimize memories).
Performed a total of 0 transformations.

7.27.2. Executing OPT_MEM_PRIORITY pass (removing unnecessary memory write priority relations).
Performed a total of 0 transformations.

7.27.3. Executing OPT_MEM_FEEDBACK pass (finding memory read-to-write feedback paths).

7.27.4. Executing MEMORY_BMUX2ROM pass (converting muxes to ROMs).

7.27.5. Executing MEMORY_DFF pass (merging $dff cells to $memrd).

7.27.6. Executing OPT_CLEAN pass (remove unused cells and wires).
Finding unused cells or wires in module \bcd_to_bin_16..

7.27.7. Executing MEMORY_SHARE pass (consolidating $memrd/$memwr cells).

7.27.8. Executing OPT_MEM_WIDEN pass (optimize memories where all ports are wide).
Performed a total of 0 transformations.

7.27.9. Executing OPT_CLEAN pass (remove unused cells and wires).
Finding unused cells or wires in module \bcd_to_bin_16..

7.27.10. Executing MEMORY_COLLECT pass (generating $mem cells).

7.28. Executing OPT_CLEAN pass (remove unused cells and wires).
Finding unused cells or wires in module \bcd_to_bin_16..

7.29. Executing MEMORY_LIBMAP pass (mapping memories to cells).

7.30. Executing TECHMAP pass (map to technology primitives).

7.30.1. Executing Verilog-2005 frontend: /home/juan/fpga_tools/oss-cad-suite/lib/../share/yosys/lattice/lutrams_map_trellis.v
Parsing Verilog input from `/home/juan/fpga_tools/oss-cad-suite/lib/../share/yosys/lattice/lutrams_map_trellis.v' to AST representation.
Generating RTLIL representation for module `$__TRELLIS_DPR16X4_'.
Successfully finished Verilog frontend.

7.30.2. Executing Verilog-2005 frontend: /home/juan/fpga_tools/oss-cad-suite/lib/../share/yosys/lattice/brams_map_16kd.v
Parsing Verilog input from `/home/juan/fpga_tools/oss-cad-suite/lib/../share/yosys/lattice/brams_map_16kd.v' to AST representation.
Generating RTLIL representation for module `$__DP16KD_'.
Generating RTLIL representation for module `$__PDPW16KD_'.
Successfully finished Verilog frontend.

7.30.3. Continuing TECHMAP pass.
No more expansions possible.
<suppressed ~5 debug messages>

7.31. Executing OPT pass (performing simple optimizations).

7.31.1. Executing OPT_EXPR pass (perform const folding).
Optimizing module bcd_to_bin_16.
<suppressed ~12 debug messages>

7.31.2. Executing OPT_MERGE pass (detect identical cells).
Finding identical cells in module `\bcd_to_bin_16'.
Computing hashes of 55 cells of `\bcd_to_bin_16'.
Finding duplicate cells in `\bcd_to_bin_16'.
Removed a total of 0 cells.

7.31.3. Executing OPT_DFF pass (perform DFF optimizations).
Adding SRST signal on $auto$ff.cc:337:slice$446 ($dffe) from module bcd_to_bin_16 (D = $flatten\control0.$4\cont[4:0], Q = \control0.cont, rval = 5'00000).

7.31.4. Executing OPT_CLEAN pass (remove unused cells and wires).
Finding unused cells or wires in module \bcd_to_bin_16..
Removed 1 unused cells and 12 unused wires.
<suppressed ~2 debug messages>

7.31.5. Rerunning OPT passes. (Removed registers in this run.)

7.31.6. Executing OPT_EXPR pass (perform const folding).
Optimizing module bcd_to_bin_16.

7.31.7. Executing OPT_MERGE pass (detect identical cells).
Finding identical cells in module `\bcd_to_bin_16'.
Computing hashes of 54 cells of `\bcd_to_bin_16'.
Finding duplicate cells in `\bcd_to_bin_16'.
Removed a total of 0 cells.

7.31.8. Executing OPT_DFF pass (perform DFF optimizations).

7.31.9. Executing OPT_CLEAN pass (remove unused cells and wires).
Finding unused cells or wires in module \bcd_to_bin_16..

7.31.10. Finished fast OPT passes.

7.32. Executing MEMORY_MAP pass (converting memories to logic and flip-flops).

7.33. Executing OPT pass (performing simple optimizations).

7.33.1. Executing OPT_EXPR pass (perform const folding).
Optimizing module bcd_to_bin_16.

7.33.2. Executing OPT_MERGE pass (detect identical cells).
Finding identical cells in module `\bcd_to_bin_16'.
Computing hashes of 54 cells of `\bcd_to_bin_16'.
Finding duplicate cells in `\bcd_to_bin_16'.
Removed a total of 0 cells.

7.33.3. Executing OPT_MUXTREE pass (detect dead branches in mux trees).
Running muxtree optimizer on module \bcd_to_bin_16..
  Creating internal representation of mux trees.
  Evaluating internal representation of mux trees.
  Analyzing evaluation results.
Removed 0 multiplexer ports.
<suppressed ~12 debug messages>

7.33.4. Executing OPT_REDUCE pass (consolidate $*mux and $reduce_* inputs).
  Optimizing cells in module \bcd_to_bin_16.
    Consolidated identical input bits for $mux cell $flatten\control0.$procmux$278:
      Old ports: A=3'100, B=3'000, Y=$flatten\control0.$5\state[2:0]
      New ports: A=1'1, B=1'0, Y=$flatten\control0.$5\state[2:0] [2]
      New connections: $flatten\control0.$5\state[2:0] [1:0] = 2'00
    Consolidated identical input bits for $mux cell $flatten\control0.$procmux$299:
      Old ports: A=3'010, B=3'100, Y=$flatten\control0.$4\state[2:0]
      New ports: A=2'01, B=2'10, Y=$flatten\control0.$4\state[2:0] [2:1]
      New connections: $flatten\control0.$4\state[2:0] [0] = 1'0
  Optimizing cells in module \bcd_to_bin_16.
Performed a total of 2 changes.

7.33.5. Executing OPT_MERGE pass (detect identical cells).
Finding identical cells in module `\bcd_to_bin_16'.
Computing hashes of 54 cells of `\bcd_to_bin_16'.
Finding duplicate cells in `\bcd_to_bin_16'.
Removed a total of 0 cells.

7.33.6. Executing OPT_DFF pass (perform DFF optimizations).

7.33.7. Executing OPT_CLEAN pass (remove unused cells and wires).
Finding unused cells or wires in module \bcd_to_bin_16..

7.33.8. Executing OPT_EXPR pass (perform const folding).
Optimizing module bcd_to_bin_16.

7.33.9. Rerunning OPT passes. (Maybe there is more to do..)

7.33.10. Executing OPT_MUXTREE pass (detect dead branches in mux trees).
Running muxtree optimizer on module \bcd_to_bin_16..
  Creating internal representation of mux trees.
  Evaluating internal representation of mux trees.
  Analyzing evaluation results.
Removed 0 multiplexer ports.
<suppressed ~12 debug messages>

7.33.11. Executing OPT_REDUCE pass (consolidate $*mux and $reduce_* inputs).
  Optimizing cells in module \bcd_to_bin_16.
Performed a total of 0 changes.

7.33.12. Executing OPT_MERGE pass (detect identical cells).
Finding identical cells in module `\bcd_to_bin_16'.
Computing hashes of 54 cells of `\bcd_to_bin_16'.
Finding duplicate cells in `\bcd_to_bin_16'.
Removed a total of 0 cells.

7.33.13. Executing OPT_DFF pass (perform DFF optimizations).

7.33.14. Executing OPT_CLEAN pass (remove unused cells and wires).
Finding unused cells or wires in module \bcd_to_bin_16..

7.33.15. Executing OPT_EXPR pass (perform const folding).
Optimizing module bcd_to_bin_16.

7.33.16. Finished fast OPT passes. (There is nothing left to do.)

7.34. Executing TECHMAP pass (map to technology primitives).

7.34.1. Executing Verilog-2005 frontend: /home/juan/fpga_tools/oss-cad-suite/lib/../share/yosys/techmap.v
Parsing Verilog input from `/home/juan/fpga_tools/oss-cad-suite/lib/../share/yosys/techmap.v' to AST representation.
Generating RTLIL representation for module `\_90_simplemap_bool_ops'.
Generating RTLIL representation for module `\_90_simplemap_reduce_ops'.
Generating RTLIL representation for module `\_90_simplemap_logic_ops'.
Generating RTLIL representation for module `\_90_simplemap_compare_ops'.
Generating RTLIL representation for module `\_90_simplemap_various'.
Generating RTLIL representation for module `\_90_simplemap_registers'.
Generating RTLIL representation for module `\_90_shift_ops_shr_shl_sshl_sshr'.
Generating RTLIL representation for module `\_90_shift_shiftx'.
Generating RTLIL representation for module `\_90_fa'.
Generating RTLIL representation for module `\_90_lcu_brent_kung'.
Generating RTLIL representation for module `\_90_alu'.
Generating RTLIL representation for module `\_90_macc'.
Generating RTLIL representation for module `\_90_alumacc'.
Generating RTLIL representation for module `$__div_mod_u'.
Generating RTLIL representation for module `$__div_mod_trunc'.
Generating RTLIL representation for module `\_90_div'.
Generating RTLIL representation for module `\_90_mod'.
Generating RTLIL representation for module `$__div_mod_floor'.
Generating RTLIL representation for module `\_90_divfloor'.
Generating RTLIL representation for module `\_90_modfloor'.
Generating RTLIL representation for module `\_90_pow'.
Generating RTLIL representation for module `\_90_demux'.
Generating RTLIL representation for module `\_90_lut'.
Generating RTLIL representation for module `$connect'.
Generating RTLIL representation for module `$input_port'.
Successfully finished Verilog frontend.

7.34.2. Executing Verilog-2005 frontend: /home/juan/fpga_tools/oss-cad-suite/lib/../share/yosys/lattice/arith_map_ccu2c.v
Parsing Verilog input from `/home/juan/fpga_tools/oss-cad-suite/lib/../share/yosys/lattice/arith_map_ccu2c.v' to AST representation.
Generating RTLIL representation for module `\_80_ccu2c_alu'.
Successfully finished Verilog frontend.

7.34.3. Continuing TECHMAP pass.
Using extmapper simplemap for cells of type $sdffce.
Using template $paramod$dc04b7d98e503a7bab16fce2df70e6e2c5ca34d6\_80_ccu2c_alu for cells of type $alu.
Using template $paramod$5ccf584370207a3ccc3032757a8e590623d4de56\_90_alu for cells of type $alu.
Using template $paramod$672a140277c71df8314410f22acc08d55222c3c7\_80_ccu2c_alu for cells of type $alu.
Using extmapper simplemap for cells of type $sdffe.
Using extmapper simplemap for cells of type $sdff.
Using extmapper simplemap for cells of type $reduce_and.
Using extmapper simplemap for cells of type $not.
Using extmapper simplemap for cells of type $ne.
Using extmapper simplemap for cells of type $reduce_bool.
Using extmapper simplemap for cells of type $dffe.
Using extmapper simplemap for cells of type $reduce_or.
Using extmapper simplemap for cells of type $pmux.
Using extmapper simplemap for cells of type $logic_not.
Using extmapper simplemap for cells of type $mux.
Using extmapper simplemap for cells of type $eq.
Using extmapper simplemap for cells of type $lut.
Using extmapper simplemap for cells of type $logic_or.
Using extmapper simplemap for cells of type $logic_and.
Using extmapper simplemap for cells of type $xor.
Using extmapper simplemap for cells of type $pos.
Using template $paramod\_90_fa\WIDTH=32'00000000000000000000000000000100 for cells of type $fa.
Using template $paramod\_90_lcu_brent_kung\WIDTH=32'00000000000000000000000000000100 for cells of type $lcu.
Using extmapper simplemap for cells of type $or.
Using extmapper simplemap for cells of type $and.
No more expansions possible.
<suppressed ~451 debug messages>

7.35. Executing OPT pass (performing simple optimizations).

7.35.1. Executing OPT_EXPR pass (perform const folding).
Optimizing module bcd_to_bin_16.
<suppressed ~375 debug messages>

7.35.2. Executing OPT_MERGE pass (detect identical cells).
Finding identical cells in module `\bcd_to_bin_16'.
Computing hashes of 301 cells of `\bcd_to_bin_16'.
Finding duplicate cells in `\bcd_to_bin_16'.
Computing hashes of 288 cells of `\bcd_to_bin_16'.
Finding duplicate cells in `\bcd_to_bin_16'.
<suppressed ~39 debug messages>
Removed a total of 13 cells.

7.35.3. Executing OPT_DFF pass (perform DFF optimizations).
Adding SRST signal on $auto$ff.cc:337:slice$770 ($_SDFF_PP0_) from module bcd_to_bin_16 (D = $auto$simplemap.cc:189:logic_reduce$949, Q = \control0.state [2], rval = 1'0).
Adding SRST signal on $auto$ff.cc:337:slice$768 ($_SDFF_PP0_) from module bcd_to_bin_16 (D = $auto$simplemap.cc:189:logic_reduce$913, Q = \control0.state [0], rval = 1'0).
Adding SRST signal on $auto$ff.cc:337:slice$769 ($_SDFF_PP0_) from module bcd_to_bin_16 (D = $auto$simplemap.cc:189:logic_reduce$931, Q = \control0.state [1], rval = 1'0).

7.35.4. Executing OPT_CLEAN pass (remove unused cells and wires).
Finding unused cells or wires in module \bcd_to_bin_16..
Removed 82 unused cells and 353 unused wires.
<suppressed ~83 debug messages>

7.35.5. Rerunning OPT passes. (Removed registers in this run.)

7.35.6. Executing OPT_EXPR pass (perform const folding).
Optimizing module bcd_to_bin_16.

7.35.7. Executing OPT_MERGE pass (detect identical cells).
Finding identical cells in module `\bcd_to_bin_16'.
Computing hashes of 212 cells of `\bcd_to_bin_16'.
Finding duplicate cells in `\bcd_to_bin_16'.
Computing hashes of 210 cells of `\bcd_to_bin_16'.
Finding duplicate cells in `\bcd_to_bin_16'.
Computing hashes of 208 cells of `\bcd_to_bin_16'.
Finding duplicate cells in `\bcd_to_bin_16'.
<suppressed ~12 debug messages>
Removed a total of 4 cells.

7.35.8. Executing OPT_DFF pass (perform DFF optimizations).

7.35.9. Executing OPT_CLEAN pass (remove unused cells and wires).
Finding unused cells or wires in module \bcd_to_bin_16..
Removed 0 unused cells and 4 unused wires.
<suppressed ~1 debug messages>

7.35.10. Finished fast OPT passes.

7.36. Executing OPT_CLEAN pass (remove unused cells and wires).
Finding unused cells or wires in module \bcd_to_bin_16..

7.37. Executing DFFLEGALIZE pass (convert FFs to types supported by the target).

7.38. Executing OPT_MERGE pass (detect identical cells).
Finding identical cells in module `\bcd_to_bin_16'.
Computing hashes of 240 cells of `\bcd_to_bin_16'.
Finding duplicate cells in `\bcd_to_bin_16'.
Computing hashes of 216 cells of `\bcd_to_bin_16'.
Finding duplicate cells in `\bcd_to_bin_16'.
Computing hashes of 212 cells of `\bcd_to_bin_16'.
Finding duplicate cells in `\bcd_to_bin_16'.
<suppressed ~84 debug messages>
Removed a total of 28 cells.

7.39. Executing TECHMAP pass (map to technology primitives).

7.39.1. Executing Verilog-2005 frontend: /home/juan/fpga_tools/oss-cad-suite/lib/../share/yosys/lattice/cells_map_trellis.v
Parsing Verilog input from `/home/juan/fpga_tools/oss-cad-suite/lib/../share/yosys/lattice/cells_map_trellis.v' to AST representation.
Generating RTLIL representation for module `$_DFF_N_'.
Generating RTLIL representation for module `$_DFF_P_'.
Generating RTLIL representation for module `$_DFFE_NN_'.
Generating RTLIL representation for module `$_DFFE_PN_'.
Generating RTLIL representation for module `$_DFFE_NP_'.
Generating RTLIL representation for module `$_DFFE_PP_'.
Generating RTLIL representation for module `$_DFF_NP0_'.
Generating RTLIL representation for module `$_DFF_NP1_'.
Generating RTLIL representation for module `$_DFF_PP0_'.
Generating RTLIL representation for module `$_DFF_PP1_'.
Generating RTLIL representation for module `$_SDFF_NP0_'.
Generating RTLIL representation for module `$_SDFF_NP1_'.
Generating RTLIL representation for module `$_SDFF_PP0_'.
Generating RTLIL representation for module `$_SDFF_PP1_'.
Generating RTLIL representation for module `$_DFFE_NP0P_'.
Generating RTLIL representation for module `$_DFFE_NP1P_'.
Generating RTLIL representation for module `$_DFFE_PP0P_'.
Generating RTLIL representation for module `$_DFFE_PP1P_'.
Generating RTLIL representation for module `$_DFFE_NP0N_'.
Generating RTLIL representation for module `$_DFFE_NP1N_'.
Generating RTLIL representation for module `$_DFFE_PP0N_'.
Generating RTLIL representation for module `$_DFFE_PP1N_'.
Generating RTLIL representation for module `$_SDFFE_NP0P_'.
Generating RTLIL representation for module `$_SDFFE_NP1P_'.
Generating RTLIL representation for module `$_SDFFE_PP0P_'.
Generating RTLIL representation for module `$_SDFFE_PP1P_'.
Generating RTLIL representation for module `$_SDFFE_NP0N_'.
Generating RTLIL representation for module `$_SDFFE_NP1N_'.
Generating RTLIL representation for module `$_SDFFE_PP0N_'.
Generating RTLIL representation for module `$_SDFFE_PP1N_'.
Generating RTLIL representation for module `$_ALDFF_NP_'.
Generating RTLIL representation for module `$_ALDFF_PP_'.
Generating RTLIL representation for module `$_ALDFFE_NPN_'.
Generating RTLIL representation for module `$_ALDFFE_NPP_'.
Generating RTLIL representation for module `$_ALDFFE_PPN_'.
Generating RTLIL representation for module `$_ALDFFE_PPP_'.
Generating RTLIL representation for module `\FD1P3AX'.
Generating RTLIL representation for module `\FD1P3AY'.
Generating RTLIL representation for module `\FD1P3BX'.
Generating RTLIL representation for module `\FD1P3DX'.
Generating RTLIL representation for module `\FD1P3IX'.
Generating RTLIL representation for module `\FD1P3JX'.
Generating RTLIL representation for module `\FD1S3AX'.
Generating RTLIL representation for module `\FD1S3AY'.
Generating RTLIL representation for module `\FD1S3BX'.
Generating RTLIL representation for module `\FD1S3DX'.
Generating RTLIL representation for module `\FD1S3IX'.
Generating RTLIL representation for module `\FD1S3JX'.
Generating RTLIL representation for module `\IFS1P3BX'.
Generating RTLIL representation for module `\IFS1P3DX'.
Generating RTLIL representation for module `\IFS1P3IX'.
Generating RTLIL representation for module `\IFS1P3JX'.
Generating RTLIL representation for module `\OFS1P3BX'.
Generating RTLIL representation for module `\OFS1P3DX'.
Generating RTLIL representation for module `\OFS1P3IX'.
Generating RTLIL representation for module `\OFS1P3JX'.
Generating RTLIL representation for module `\IB'.
Generating RTLIL representation for module `\IBPU'.
Generating RTLIL representation for module `\IBPD'.
Generating RTLIL representation for module `\OB'.
Generating RTLIL representation for module `\OBZ'.
Generating RTLIL representation for module `\OBZPU'.
Generating RTLIL representation for module `\OBZPD'.
Generating RTLIL representation for module `\OBCO'.
Generating RTLIL representation for module `\BB'.
Generating RTLIL representation for module `\BBPU'.
Generating RTLIL representation for module `\BBPD'.
Generating RTLIL representation for module `\ILVDS'.
Generating RTLIL representation for module `\OLVDS'.
Successfully finished Verilog frontend.

7.39.2. Continuing TECHMAP pass.
Using template $_SDFF_PP0_ for cells of type $_SDFF_PP0_.
Using template $paramod$_DFFE_PP_\_TECHMAP_WIREINIT_Q_=1'0 for cells of type $_DFFE_PP_.
Using template $_SDFFE_PP0P_ for cells of type $_SDFFE_PP0P_.
Using template $paramod$_DFF_P_\_TECHMAP_WIREINIT_Q_=1'0 for cells of type $_DFF_P_.
No more expansions possible.
<suppressed ~138 debug messages>

7.40. Executing OPT_EXPR pass (perform const folding).
Optimizing module bcd_to_bin_16.
<suppressed ~17 debug messages>

7.41. Executing SIMPLEMAP pass (map simple cells to gate primitives).

7.42. Executing LATTICE_GSR pass (implement FF init values).
Handling GSR in bcd_to_bin_16.

7.43. Executing ATTRMVCP pass (move or copy attributes).

7.44. Executing OPT_CLEAN pass (remove unused cells and wires).
Finding unused cells or wires in module \bcd_to_bin_16..
Removed 0 unused cells and 278 unused wires.
<suppressed ~1 debug messages>

7.45. Executing TECHMAP pass (map to technology primitives).

7.45.1. Executing Verilog-2005 frontend: /home/juan/fpga_tools/oss-cad-suite/lib/../share/yosys/lattice/latches_map.v
Parsing Verilog input from `/home/juan/fpga_tools/oss-cad-suite/lib/../share/yosys/lattice/latches_map.v' to AST representation.
Generating RTLIL representation for module `$_DLATCH_N_'.
Generating RTLIL representation for module `$_DLATCH_P_'.
Successfully finished Verilog frontend.

7.45.2. Continuing TECHMAP pass.
No more expansions possible.
<suppressed ~4 debug messages>

7.46. Executing ABC9 pass.

7.46.1. Executing ABC9_OPS pass (helper functions for ABC9).

7.46.2. Executing ABC9_OPS pass (helper functions for ABC9).

7.46.3. Executing SCC pass (detecting logic loops).
Found an SCC: $auto$opt_expr.cc:607:replace_const_cells$1514 $auto$ff.cc:337:slice$711 $auto$opt_expr.cc:607:replace_const_cells$1510 $auto$ff.cc:337:slice$710 $auto$simplemap.cc:157:simplemap_reduce$1023 $auto$opt_expr.cc:607:replace_const_cells$1512 $auto$ff.cc:337:slice$709 $auto$ff.cc:337:slice$708 $auto$simplemap.cc:157:simplemap_reduce$772 $auto$simplemap.cc:157:simplemap_reduce$783 $auto$simplemap.cc:157:simplemap_reduce$1027 $auto$simplemap.cc:157:simplemap_reduce$1025 $auto$simplemap.cc:157:simplemap_reduce$1022 $auto$ff.cc:337:slice$707 $auto$dfflegalize.cc:941:flip_pol$1601 $auto$ff.cc:573:convert_ce_over_srst$1621 $auto$simplemap.cc:157:simplemap_reduce$775
Found an SCC: $auto$opt_expr.cc:607:replace_const_cells$1504 $auto$ff.cc:337:slice$1554 $auto$simplemap.cc:157:simplemap_reduce$994 $auto$simplemap.cc:157:simplemap_reduce$968 $auto$opt_expr.cc:607:replace_const_cells$1502 $auto$simplemap.cc:157:simplemap_reduce$1007 $auto$simplemap.cc:157:simplemap_reduce$981 $auto$ff.cc:337:slice$1547 $auto$simplemap.cc:227:simplemap_lognot$985 $auto$simplemap.cc:157:simplemap_reduce$983 $auto$opt_expr.cc:607:replace_const_cells$1506 $auto$simplemap.cc:157:simplemap_reduce$1009 $auto$simplemap.cc:198:logic_reduce$892 $auto$simplemap.cc:227:simplemap_lognot$998 $auto$simplemap.cc:157:simplemap_reduce$996 $auto$simplemap.cc:227:simplemap_lognot$972 $auto$simplemap.cc:157:simplemap_reduce$970 $auto$simplemap.cc:227:simplemap_lognot$956 $auto$simplemap.cc:198:logic_reduce$955 $auto$ff.cc:337:slice$1540 $auto$simplemap.cc:157:simplemap_reduce$1560 $auto$opt_dff.cc:79:create_not$1541 $auto$simplemap.cc:198:logic_reduce$897 $auto$simplemap.cc:198:logic_reduce$895 $auto$simplemap.cc:198:logic_reduce$893 $auto$simplemap.cc:227:simplemap_lognot$1011
Found 2 SCCs in module bcd_to_bin_16.
Found 2 SCCs.

7.46.4. Executing ABC9_OPS pass (helper functions for ABC9).

7.46.5. Executing TECHMAP pass (map to technology primitives).

7.46.5.1. Executing Verilog-2005 frontend: /home/juan/fpga_tools/oss-cad-suite/lib/../share/yosys/techmap.v
Parsing Verilog input from `/home/juan/fpga_tools/oss-cad-suite/lib/../share/yosys/techmap.v' to AST representation.
Generating RTLIL representation for module `\_90_simplemap_bool_ops'.
Generating RTLIL representation for module `\_90_simplemap_reduce_ops'.
Generating RTLIL representation for module `\_90_simplemap_logic_ops'.
Generating RTLIL representation for module `\_90_simplemap_compare_ops'.
Generating RTLIL representation for module `\_90_simplemap_various'.
Generating RTLIL representation for module `\_90_simplemap_registers'.
Generating RTLIL representation for module `\_90_shift_ops_shr_shl_sshl_sshr'.
Generating RTLIL representation for module `\_90_shift_shiftx'.
Generating RTLIL representation for module `\_90_fa'.
Generating RTLIL representation for module `\_90_lcu_brent_kung'.
Generating RTLIL representation for module `\_90_alu'.
Generating RTLIL representation for module `\_90_macc'.
Generating RTLIL representation for module `\_90_alumacc'.
Generating RTLIL representation for module `$__div_mod_u'.
Generating RTLIL representation for module `$__div_mod_trunc'.
Generating RTLIL representation for module `\_90_div'.
Generating RTLIL representation for module `\_90_mod'.
Generating RTLIL representation for module `$__div_mod_floor'.
Generating RTLIL representation for module `\_90_divfloor'.
Generating RTLIL representation for module `\_90_modfloor'.
Generating RTLIL representation for module `\_90_pow'.
Generating RTLIL representation for module `\_90_demux'.
Generating RTLIL representation for module `\_90_lut'.
Generating RTLIL representation for module `$connect'.
Generating RTLIL representation for module `$input_port'.
Successfully finished Verilog frontend.

7.46.5.2. Continuing TECHMAP pass.
No more expansions possible.
<suppressed ~166 debug messages>

7.46.6. Executing OPT pass (performing simple optimizations).

7.46.6.1. Executing OPT_EXPR pass (perform const folding).

7.46.6.2. Executing OPT_MERGE pass (detect identical cells).
Removed a total of 0 cells.

7.46.6.3. Executing OPT_MUXTREE pass (detect dead branches in mux trees).
Removed 0 multiplexer ports.

7.46.6.4. Executing OPT_REDUCE pass (consolidate $*mux and $reduce_* inputs).
Performed a total of 0 changes.

7.46.6.5. Executing OPT_MERGE pass (detect identical cells).
Removed a total of 0 cells.

7.46.6.6. Executing OPT_DFF pass (perform DFF optimizations).

7.46.6.7. Executing OPT_CLEAN pass (remove unused cells and wires).

7.46.6.8. Executing OPT_EXPR pass (perform const folding).

7.46.6.9. Finished fast OPT passes. (There is nothing left to do.)

7.46.7. Executing TECHMAP pass (map to technology primitives).

7.46.7.1. Executing Verilog-2005 frontend: /home/juan/fpga_tools/oss-cad-suite/lib/../share/yosys/abc9_map.v
Parsing Verilog input from `/home/juan/fpga_tools/oss-cad-suite/lib/../share/yosys/abc9_map.v' to AST representation.
Successfully finished Verilog frontend.

7.46.7.2. Continuing TECHMAP pass.
No more expansions possible.
<suppressed ~2 debug messages>

7.46.8. Executing Verilog-2005 frontend: /home/juan/fpga_tools/oss-cad-suite/lib/../share/yosys/abc9_model.v
Parsing Verilog input from `/home/juan/fpga_tools/oss-cad-suite/lib/../share/yosys/abc9_model.v' to AST representation.
Generating RTLIL representation for module `$__ABC9_DELAY'.
Generating RTLIL representation for module `$__ABC9_SCC_BREAKER'.
Generating RTLIL representation for module `$__DFF_N__$abc9_flop'.
Generating RTLIL representation for module `$__DFF_P__$abc9_flop'.
Successfully finished Verilog frontend.

7.46.9. Executing ABC9_OPS pass (helper functions for ABC9).
<suppressed ~2 debug messages>

7.46.10. Executing ABC9_OPS pass (helper functions for ABC9).

7.46.11. Executing ABC9_OPS pass (helper functions for ABC9).
<suppressed ~2 debug messages>

7.46.12. Executing TECHMAP pass (map to technology primitives).

7.46.12.1. Executing Verilog-2005 frontend: /home/juan/fpga_tools/oss-cad-suite/lib/../share/yosys/techmap.v
Parsing Verilog input from `/home/juan/fpga_tools/oss-cad-suite/lib/../share/yosys/techmap.v' to AST representation.
Generating RTLIL representation for module `\_90_simplemap_bool_ops'.
Generating RTLIL representation for module `\_90_simplemap_reduce_ops'.
Generating RTLIL representation for module `\_90_simplemap_logic_ops'.
Generating RTLIL representation for module `\_90_simplemap_compare_ops'.
Generating RTLIL representation for module `\_90_simplemap_various'.
Generating RTLIL representation for module `\_90_simplemap_registers'.
Generating RTLIL representation for module `\_90_shift_ops_shr_shl_sshl_sshr'.
Generating RTLIL representation for module `\_90_shift_shiftx'.
Generating RTLIL representation for module `\_90_fa'.
Generating RTLIL representation for module `\_90_lcu_brent_kung'.
Generating RTLIL representation for module `\_90_alu'.
Generating RTLIL representation for module `\_90_macc'.
Generating RTLIL representation for module `\_90_alumacc'.
Generating RTLIL representation for module `$__div_mod_u'.
Generating RTLIL representation for module `$__div_mod_trunc'.
Generating RTLIL representation for module `\_90_div'.
Generating RTLIL representation for module `\_90_mod'.
Generating RTLIL representation for module `$__div_mod_floor'.
Generating RTLIL representation for module `\_90_divfloor'.
Generating RTLIL representation for module `\_90_modfloor'.
Generating RTLIL representation for module `\_90_pow'.
Generating RTLIL representation for module `\_90_demux'.
Generating RTLIL representation for module `\_90_lut'.
Generating RTLIL representation for module `$connect'.
Generating RTLIL representation for module `$input_port'.
Successfully finished Verilog frontend.

7.46.12.2. Continuing TECHMAP pass.
Using template $paramod$838872d5a4bab89607f53482b205c0fd50d8b82e\CCU2C for cells of type $paramod$838872d5a4bab89607f53482b205c0fd50d8b82e\CCU2C.
Using extmapper simplemap for cells of type $or.
Using extmapper simplemap for cells of type $and.
Using extmapper simplemap for cells of type $not.
Using extmapper simplemap for cells of type $xor.
Using template $paramod\LUT2\INIT=4'1010 for cells of type LUT2.
Using template $paramod\LUT4\INIT=16'1001011010101010 for cells of type LUT4.
Using extmapper simplemap for cells of type $mux.
No more expansions possible.
<suppressed ~205 debug messages>

7.46.13. Executing OPT pass (performing simple optimizations).

7.46.13.1. Executing OPT_EXPR pass (perform const folding).
Optimizing module bcd_to_bin_16.
<suppressed ~18 debug messages>

7.46.13.2. Executing OPT_MERGE pass (detect identical cells).
Finding identical cells in module `\bcd_to_bin_16'.
Computing hashes of 59 cells of `\bcd_to_bin_16'.
Finding duplicate cells in `\bcd_to_bin_16'.
Computing hashes of 57 cells of `\bcd_to_bin_16'.
Finding duplicate cells in `\bcd_to_bin_16'.
<suppressed ~6 debug messages>
Removed a total of 2 cells.

7.46.13.3. Executing OPT_MUXTREE pass (detect dead branches in mux trees).
Running muxtree optimizer on module \bcd_to_bin_16..
  Creating internal representation of mux trees.
  No muxes found in this module.
Removed 0 multiplexer ports.

7.46.13.4. Executing OPT_REDUCE pass (consolidate $*mux and $reduce_* inputs).
  Optimizing cells in module \bcd_to_bin_16.
Performed a total of 0 changes.

7.46.13.5. Executing OPT_MERGE pass (detect identical cells).
Finding identical cells in module `\bcd_to_bin_16'.
Computing hashes of 57 cells of `\bcd_to_bin_16'.
Finding duplicate cells in `\bcd_to_bin_16'.
Removed a total of 0 cells.

7.46.13.6. Executing OPT_DFF pass (perform DFF optimizations).

7.46.13.7. Executing OPT_CLEAN pass (remove unused cells and wires).
Finding unused cells or wires in module \bcd_to_bin_16..
Removed 0 unused cells and 55 unused wires.
<suppressed ~1 debug messages>

7.46.13.8. Executing OPT_EXPR pass (perform const folding).
Optimizing module bcd_to_bin_16.

7.46.13.9. Rerunning OPT passes. (Maybe there is more to do..)

7.46.13.10. Executing OPT_MUXTREE pass (detect dead branches in mux trees).
Running muxtree optimizer on module \bcd_to_bin_16..
  Creating internal representation of mux trees.
  No muxes found in this module.
Removed 0 multiplexer ports.

7.46.13.11. Executing OPT_REDUCE pass (consolidate $*mux and $reduce_* inputs).
  Optimizing cells in module \bcd_to_bin_16.
Performed a total of 0 changes.

7.46.13.12. Executing OPT_MERGE pass (detect identical cells).
Finding identical cells in module `\bcd_to_bin_16'.
Computing hashes of 57 cells of `\bcd_to_bin_16'.
Finding duplicate cells in `\bcd_to_bin_16'.
Removed a total of 0 cells.

7.46.13.13. Executing OPT_DFF pass (perform DFF optimizations).

7.46.13.14. Executing OPT_CLEAN pass (remove unused cells and wires).
Finding unused cells or wires in module \bcd_to_bin_16..

7.46.13.15. Executing OPT_EXPR pass (perform const folding).
Optimizing module bcd_to_bin_16.

7.46.13.16. Finished fast OPT passes. (There is nothing left to do.)

7.46.14. Executing AIGMAP pass (map logic to AIG).
Module bcd_to_bin_16: replaced 18 cells with 120 new cells, skipped 39 cells.
  replaced 3 cell types:
      14 $_MUX_
       2 $_OR_
       2 $_XOR_
  not replaced 3 cell types:
       4 $_AND_
       4 $_NOT_
      31 $specify2

7.46.15. Executing AIGMAP pass (map logic to AIG).
Module bcd_to_bin_16: replaced 92 cells with 505 new cells, skipped 105 cells.
  replaced 4 cell types:
      34 $_MUX_
       1 $_ORNOT_
      45 $_OR_
      12 $_XOR_
  not replaced 6 cell types:
      20 $_AND_
      28 $_NOT_
       1 $__ABC9_SCC_BREAKER
       5 $scopeinfo
      45 TRELLIS_FF
       6 $paramod$838872d5a4bab89607f53482b205c0fd50d8b82e\CCU2C

7.46.15.1. Executing ABC9_OPS pass (helper functions for ABC9).

7.46.15.2. Executing ABC9_OPS pass (helper functions for ABC9).

7.46.15.3. Executing XAIGER backend.
<suppressed ~11 debug messages>
Extracted 204 AND gates and 683 wires from module `bcd_to_bin_16' to a netlist network with 66 inputs and 74 outputs.

7.46.15.4. Executing ABC9_EXE pass (technology mapping using ABC9).

7.46.15.5. Executing ABC9.
Running ABC command: "<yosys-exe-dir>/yosys-abc" -s -f <abc-temp-dir>/abc.script 2>&1
ABC: ======== ABC command line "source <abc-temp-dir>/abc.script"
ABC: + read_lut <abc-temp-dir>/input.lut 
ABC: + read_box <abc-temp-dir>/input.box 
ABC: + &read <abc-temp-dir>/input.xaig 
ABC: + &ps 
ABC: <abc-temp-dir>/input : i/o =     66/     74  and =     193  lev =    9 (1.46)  mem = 0.01 MB  box = 6  bb = 0
ABC: + &scorr 
ABC: Warning: The network is combinational.
ABC: + &sweep 
ABC: + &dc2 
ABC: + &dch -f -r 
ABC: + &ps 
ABC: <abc-temp-dir>/input : i/o =     66/     74  and =     272  lev =    7 (1.33)  mem = 0.01 MB  ch =   35  box = 6  bb = 0
ABC: cst =       0  cls =     34  lit =      35  unused =     287  proof =     0
ABC: + &if -W 300 -v 
ABC: K = 7. Memory (bytes): Truth =    0. Cut =   76. Obj =  156. Set =  780. CutMin = no
ABC: Node =     272.  Ch =    34.  Total mem =    0.08 MB. Peak cut mem =    0.01 MB.
ABC: P:  Del = 1507.00.  Ar =     186.0.  Edge =      230.  Cut =     3648.  T =     0.00 sec
ABC: P:  Del = 1507.00.  Ar =     189.0.  Edge =      229.  Cut =     3584.  T =     0.00 sec
ABC: P:  Del = 1507.00.  Ar =      79.0.  Edge =      218.  Cut =     4783.  T =     0.00 sec
ABC: F:  Del = 1500.00.  Ar =      72.0.  Edge =      201.  Cut =     1538.  T =     0.00 sec
ABC: A:  Del = 1500.00.  Ar =      69.0.  Edge =      189.  Cut =     1625.  T =     0.00 sec
ABC: A:  Del = 1500.00.  Ar =      69.0.  Edge =      188.  Cut =     1637.  T =     0.00 sec
ABC: Total time =     0.00 sec
ABC: + &write -n <abc-temp-dir>/output.aig 
ABC: + &mfs 
ABC: + &ps -l 
ABC: <abc-temp-dir>/input : i/o =     66/     74  and =     208  lev =    8 (1.35)  mem = 0.01 MB  box = 6  bb = 0
ABC: Mapping (K=7)  :  lut =     50  edge =     187  lev =    3 (0.50)  levB =    4  mem = 0.00 MB
ABC: LUT = 50 : 2=4 8.0 %  3=20 40.0 %  4=13 26.0 %  5=12 24.0 %  6=0 0.0 %  7=1 2.0 %  Ave = 3.74
ABC: + &write -n <abc-temp-dir>/output.aig 
ABC: + &verify 
ABC: Networks are equivalent.  Time =     0.02 sec
ABC: + time 
ABC: elapse: 0.04 seconds, total: 0.04 seconds

7.46.15.6. Executing AIGER frontend.
<suppressed ~290 debug messages>
Removed 344 unused cells and 567 unused wires.

7.46.15.7. Executing ABC9_OPS pass (helper functions for ABC9).
ABC RESULTS:              $lut cells:       52
ABC RESULTS:   $paramod$838872d5a4bab89607f53482b205c0fd50d8b82e\CCU2C cells:        6
ABC RESULTS:           input signals:        9
ABC RESULTS:          output signals:       22
Removing temp directory.

7.46.16. Executing TECHMAP pass (map to technology primitives).

7.46.16.1. Executing Verilog-2005 frontend: /home/juan/fpga_tools/oss-cad-suite/lib/../share/yosys/abc9_unmap.v
Parsing Verilog input from `/home/juan/fpga_tools/oss-cad-suite/lib/../share/yosys/abc9_unmap.v' to AST representation.
Generating RTLIL representation for module `$__DFF_x__$abc9_flop'.
Generating RTLIL representation for module `$__ABC9_SCC_BREAKER'.
Successfully finished Verilog frontend.

7.46.16.2. Continuing TECHMAP pass.
Using template $paramod$__ABC9_SCC_BREAKER\WIDTH=32'00000000000000000000000000000010 for cells of type $__ABC9_SCC_BREAKER.
Using template $paramod$838872d5a4bab89607f53482b205c0fd50d8b82e\CCU2C for cells of type $paramod$838872d5a4bab89607f53482b205c0fd50d8b82e\CCU2C.
No more expansions possible.
<suppressed ~24 debug messages>
Removed 14 unused cells and 783 unused wires.

7.47. Executing TECHMAP pass (map to technology primitives).

7.47.1. Executing Verilog-2005 frontend: /home/juan/fpga_tools/oss-cad-suite/lib/../share/yosys/lattice/cells_map_trellis.v
Parsing Verilog input from `/home/juan/fpga_tools/oss-cad-suite/lib/../share/yosys/lattice/cells_map_trellis.v' to AST representation.
Generating RTLIL representation for module `$_DFF_N_'.
Generating RTLIL representation for module `$_DFF_P_'.
Generating RTLIL representation for module `$_DFFE_NN_'.
Generating RTLIL representation for module `$_DFFE_PN_'.
Generating RTLIL representation for module `$_DFFE_NP_'.
Generating RTLIL representation for module `$_DFFE_PP_'.
Generating RTLIL representation for module `$_DFF_NP0_'.
Generating RTLIL representation for module `$_DFF_NP1_'.
Generating RTLIL representation for module `$_DFF_PP0_'.
Generating RTLIL representation for module `$_DFF_PP1_'.
Generating RTLIL representation for module `$_SDFF_NP0_'.
Generating RTLIL representation for module `$_SDFF_NP1_'.
Generating RTLIL representation for module `$_SDFF_PP0_'.
Generating RTLIL representation for module `$_SDFF_PP1_'.
Generating RTLIL representation for module `$_DFFE_NP0P_'.
Generating RTLIL representation for module `$_DFFE_NP1P_'.
Generating RTLIL representation for module `$_DFFE_PP0P_'.
Generating RTLIL representation for module `$_DFFE_PP1P_'.
Generating RTLIL representation for module `$_DFFE_NP0N_'.
Generating RTLIL representation for module `$_DFFE_NP1N_'.
Generating RTLIL representation for module `$_DFFE_PP0N_'.
Generating RTLIL representation for module `$_DFFE_PP1N_'.
Generating RTLIL representation for module `$_SDFFE_NP0P_'.
Generating RTLIL representation for module `$_SDFFE_NP1P_'.
Generating RTLIL representation for module `$_SDFFE_PP0P_'.
Generating RTLIL representation for module `$_SDFFE_PP1P_'.
Generating RTLIL representation for module `$_SDFFE_NP0N_'.
Generating RTLIL representation for module `$_SDFFE_NP1N_'.
Generating RTLIL representation for module `$_SDFFE_PP0N_'.
Generating RTLIL representation for module `$_SDFFE_PP1N_'.
Generating RTLIL representation for module `$_ALDFF_NP_'.
Generating RTLIL representation for module `$_ALDFF_PP_'.
Generating RTLIL representation for module `$_ALDFFE_NPN_'.
Generating RTLIL representation for module `$_ALDFFE_NPP_'.
Generating RTLIL representation for module `$_ALDFFE_PPN_'.
Generating RTLIL representation for module `$_ALDFFE_PPP_'.
Generating RTLIL representation for module `\FD1P3AX'.
Generating RTLIL representation for module `\FD1P3AY'.
Generating RTLIL representation for module `\FD1P3BX'.
Generating RTLIL representation for module `\FD1P3DX'.
Generating RTLIL representation for module `\FD1P3IX'.
Generating RTLIL representation for module `\FD1P3JX'.
Generating RTLIL representation for module `\FD1S3AX'.
Generating RTLIL representation for module `\FD1S3AY'.
Generating RTLIL representation for module `\FD1S3BX'.
Generating RTLIL representation for module `\FD1S3DX'.
Generating RTLIL representation for module `\FD1S3IX'.
Generating RTLIL representation for module `\FD1S3JX'.
Generating RTLIL representation for module `\IFS1P3BX'.
Generating RTLIL representation for module `\IFS1P3DX'.
Generating RTLIL representation for module `\IFS1P3IX'.
Generating RTLIL representation for module `\IFS1P3JX'.
Generating RTLIL representation for module `\OFS1P3BX'.
Generating RTLIL representation for module `\OFS1P3DX'.
Generating RTLIL representation for module `\OFS1P3IX'.
Generating RTLIL representation for module `\OFS1P3JX'.
Generating RTLIL representation for module `\IB'.
Generating RTLIL representation for module `\IBPU'.
Generating RTLIL representation for module `\IBPD'.
Generating RTLIL representation for module `\OB'.
Generating RTLIL representation for module `\OBZ'.
Generating RTLIL representation for module `\OBZPU'.
Generating RTLIL representation for module `\OBZPD'.
Generating RTLIL representation for module `\OBCO'.
Generating RTLIL representation for module `\BB'.
Generating RTLIL representation for module `\BBPU'.
Generating RTLIL representation for module `\BBPD'.
Generating RTLIL representation for module `\ILVDS'.
Generating RTLIL representation for module `\OLVDS'.
Generating RTLIL representation for module `$lut'.
Successfully finished Verilog frontend.

7.47.2. Continuing TECHMAP pass.
Using template $paramod$lut\WIDTH=32'00000000000000000000000000000011\LUT=8'11111011 for cells of type $lut.
Using template $paramod$lut\WIDTH=32'00000000000000000000000000000011\LUT=8'01000000 for cells of type $lut.
Using template $paramod$a5516fc31d1e552de2435200bb732b4d4ad63a9c$lut for cells of type $lut.
Using template $paramod$lut\WIDTH=32'00000000000000000000000000000011\LUT=8'11111101 for cells of type $lut.
Using template $paramod$e71b35277f0b45c5272db99fb46c91dac44314df$lut for cells of type $lut.
Using template $paramod$lut\WIDTH=32'00000000000000000000000000000010\LUT=4'0001 for cells of type $lut.
Using template $paramod$lut\WIDTH=32'00000000000000000000000000000011\LUT=8'10111010 for cells of type $lut.
Using template $paramod$39fecdaa624309b39c1f847c4e14205177fabf73$lut for cells of type $lut.
Using template $paramod$7bb6a37e65823eeb4b38c370fec30ab082759a14$lut for cells of type $lut.
Using template $paramod$f38e12bd0fa760cbe34ab1f46e08d8c94f29616d$lut for cells of type $lut.
Using template $paramod$lut\WIDTH=32'00000000000000000000000000000011\LUT=8'00010000 for cells of type $lut.
Using template $paramod$lut\WIDTH=32'00000000000000000000000000000011\LUT=8'11111000 for cells of type $lut.
Using template $paramod$lut\WIDTH=32'00000000000000000000000000000011\LUT=8'01011101 for cells of type $lut.
Using template $paramod$48e9e0b505a704250d94957dd07a681a1268391c$lut for cells of type $lut.
Using template $paramod$lut\WIDTH=32'00000000000000000000000000000011\LUT=8'10001011 for cells of type $lut.
Using template $paramod$c13d7a6f284c43367c58103ea3f1adfc868fcb0d$lut for cells of type $lut.
Using template $paramod$4bc24ec794e24eb04010f8c8e3d62378a3ea7bd1$lut for cells of type $lut.
Using template $paramod$049cc17901d0cb8ba29380e71db66a16bae61970$lut for cells of type $lut.
Using template $paramod$89ddbc2adee46e16a995ee97de1cb5a2b3106788$lut for cells of type $lut.
Using template $paramod$4c3441b69c955b9dc81501dc0432ef048c815b84$lut for cells of type $lut.
Using template $paramod$lut\WIDTH=32'00000000000000000000000000000011\LUT=8'00001110 for cells of type $lut.
Using template $paramod$e94afd183fcbde4c849d3e6c314d64883b2488d5$lut for cells of type $lut.
Using template $paramod$lut\WIDTH=32'00000000000000000000000000000011\LUT=8'10101100 for cells of type $lut.
Using template $paramod$lut\WIDTH=32'00000000000000000000000000000010\LUT=4'1000 for cells of type $lut.
Using template $paramod$a933f009f3836835d3983d4803169b3795a6d7dd$lut for cells of type $lut.
Using template $paramod$lut\WIDTH=32'00000000000000000000000000000011\LUT=8'01010100 for cells of type $lut.
Using template $paramod$lut\WIDTH=32'00000000000000000000000000000010\LUT=4'0010 for cells of type $lut.
Using template $paramod$lut\WIDTH=32'00000000000000000000000000000001\LUT=2'01 for cells of type $lut.
No more expansions possible.
<suppressed ~488 debug messages>

7.48. Executing OPT_LUT_INS pass (discard unused LUT inputs).
Optimizing LUTs in bcd_to_bin_16.
  Optimizing lut $abc$3173$lut$flatten\rcr0.$0\s_out[31:0][4].genblk1.genblk1.genblk1.genblk1.genblk1.lut1 (4 -> 1)
  Optimizing lut $auto$abc9_ops.cc:1612:reintegrate$3178.genblk1.genblk1.genblk1.genblk1.genblk1.lut1 (4 -> 1)
  Optimizing lut $auto$abc9_ops.cc:1612:reintegrate$3180.genblk1.genblk1.genblk1.genblk1.genblk1.lut1 (4 -> 1)
  Optimizing lut $auto$abc9_ops.cc:1612:reintegrate$3182.genblk1.genblk1.genblk1.genblk1.genblk1.lut1 (4 -> 1)
  Optimizing lut $abc$3173$lut$aiger3172$93.genblk1.genblk1.genblk1.genblk1.genblk1.genblk1.genblk1.lut2 (4 -> 0)
  Optimizing lut $abc$3173$lut$aiger3172$93.genblk1.genblk1.genblk1.genblk1.genblk1.genblk1.genblk1.lut3 (4 -> 0)
  Optimizing lut $abc$3173$lut$aiger3172$93.genblk1.genblk1.genblk1.genblk1.genblk1.genblk1.genblk1.lut5 (4 -> 1)
  Optimizing lut $abc$3173$lut$aiger3172$93.genblk1.genblk1.genblk1.genblk1.genblk1.genblk1.genblk1.lut6 (4 -> 1)
  Optimizing lut $abc$3173$lut$aiger3172$93.genblk1.genblk1.genblk1.genblk1.genblk1.genblk1.genblk1.lut7 (4 -> 1)
  Optimizing lut $abc$3173$lut$aiger3172$133.genblk1.genblk1.genblk1.genblk1.genblk1.lut1 (4 -> 0)
  Optimizing lut $abc$3173$lut$aiger3172$93.genblk1.genblk1.genblk1.genblk1.genblk1.genblk1.genblk1.lut1 (4 -> 0)
  Optimizing lut $abc$3173$lut$aiger3172$93.genblk1.genblk1.genblk1.genblk1.genblk1.genblk1.genblk1.lut0 (4 -> 0)
  Optimizing lut $abc$3173$lut$flatten\rcr0.$0\s_out[31:0][12].genblk1.genblk1.genblk1.genblk1.genblk1.lut1 (4 -> 1)
  Optimizing lut $abc$3173$lut$aiger3172$162.genblk1.genblk1.genblk1.genblk1.genblk1.lut0 (4 -> 3)
  Optimizing lut $abc$3173$lut$aiger3172$279.genblk1.genblk1.genblk1.genblk1.genblk1.lut1 (4 -> 1)
  Optimizing lut $abc$3173$lut$flatten\rcr0.$0\s_out[31:0][12].genblk1.genblk1.genblk1.genblk1.genblk1.lut0 (4 -> 3)
  Optimizing lut $auto$abc9_ops.cc:1612:reintegrate$3178.genblk1.genblk1.genblk1.genblk1.genblk1.lut0 (4 -> 3)
  Optimizing lut $abc$3173$lut$aiger3172$240.genblk1.genblk1.genblk1.genblk1.genblk1.lut1 (4 -> 1)
  Optimizing lut $abc$3173$lut$flatten\rcr0.$0\s_out[31:0][0].genblk1.genblk1.genblk1.genblk1.genblk1.lut1 (4 -> 1)
  Optimizing lut $abc$3173$lut$aiger3172$279.genblk1.genblk1.genblk1.genblk1.genblk1.lut0 (4 -> 3)
  Optimizing lut $abc$3173$lut$flatten\rcr0.$0\s_out[31:0][0].genblk1.genblk1.genblk1.genblk1.genblk1.lut0 (4 -> 3)
  Optimizing lut $abc$3173$lut$flatten\rcr0.$0\s_out[31:0][4].genblk1.genblk1.genblk1.genblk1.genblk1.lut0 (4 -> 3)
  Optimizing lut $abc$3173$lut$flatten\rcr0.$0\s_out[31:0][8].genblk1.genblk1.genblk1.genblk1.genblk1.lut1 (4 -> 1)
  Optimizing lut $abc$3173$lut$flatten\rcr0.$0\s_out[31:0][8].genblk1.genblk1.genblk1.genblk1.genblk1.lut0 (4 -> 3)
  Optimizing lut $abc$3173$lut$aiger3172$240.genblk1.genblk1.genblk1.genblk1.genblk1.lut0 (4 -> 3)
  Optimizing lut $auto$abc9_ops.cc:1612:reintegrate$3180.genblk1.genblk1.genblk1.genblk1.genblk1.lut0 (4 -> 3)
  Optimizing lut $abc$3173$lut$aiger3172$201.genblk1.genblk1.genblk1.genblk1.genblk1.lut0 (4 -> 3)
  Optimizing lut $abc$3173$lut$aiger3172$201.genblk1.genblk1.genblk1.genblk1.genblk1.lut1 (4 -> 1)
  Optimizing lut $auto$abc9_ops.cc:1612:reintegrate$3182.genblk1.genblk1.genblk1.genblk1.genblk1.lut0 (4 -> 3)
  Optimizing lut $abc$3173$lut$aiger3172$162.genblk1.genblk1.genblk1.genblk1.genblk1.lut1 (4 -> 1)
Removed 0 unused cells and 106 unused wires.

7.49. Executing AUTONAME pass.
Renamed 223 objects in module bcd_to_bin_16 (63 iterations).
<suppressed ~223 debug messages>

7.50. Executing HIERARCHY pass (managing design hierarchy).
Attribute `top' found on module `bcd_to_bin_16'. Setting top module to bcd_to_bin_16.

7.50.1. Analyzing design hierarchy..
Top module:  \bcd_to_bin_16

7.50.2. Analyzing design hierarchy..
Top module:  \bcd_to_bin_16
Removed 0 unused modules.

7.51. Printing statistics.

=== bcd_to_bin_16 ===

        +----------Local Count, excluding submodules.
        | 
      108 wires
      357 wire bits
      108 public wires
      357 public wire bits
        6 ports
       36 port bits
        5 cells
        5   $scopeinfo
      141 submodules
        6   CCU2C
        3   L6MUX21
       71   LUT4
       16   PFUMX
       45   TRELLIS_FF

=== design hierarchy ===

        +----------Count including submodules.
        | 
        5 bcd_to_bin_16

        +----------Count including submodules.
        | 
      108 wires
      357 wire bits
      108 public wires
      357 public wire bits
        6 ports
       36 port bits
        - memories
        - memory bits
        - processes
        5 cells
        5   $scopeinfo
      141 submodules
        6   CCU2C
        3   L6MUX21
       71   LUT4
       16   PFUMX
       45   TRELLIS_FF

7.52. Executing CHECK pass (checking for obvious problems).
Checking module bcd_to_bin_16...
Found and reported 0 problems.

7.53. Executing JSON backend.

8. Executing Verilog backend.

8.1. Executing BMUXMAP pass.

8.2. Executing DEMUXMAP pass.
Dumping module `\bcd_to_bin_16'.

End of script. Logfile hash: 2bd8d1bf84, time: 1.22s, user: 0.87s, system: 0.25s, MEM: 31.81 MB peak
Yosys 0.65+57 (git sha1 9d0cdb855, clang++ 18.1.8 -fPIC -O3)
Time spent: 39% 31x read_verilog (0 sec), 12% 1x synth_lattice (0 sec), ...
