
 /----------------------------------------------------------------------------\
 |  yosys -- Yosys Open SYnthesis Suite                                       |
 |  Copyright (C) 2012 - 2026  Claire Xenia Wolf <claire@yosyshq.com>         |
 |  Distributed under an ISC-like license, type "license" to see terms        |
 \----------------------------------------------------------------------------/
 Yosys 0.65+57 (git sha1 9d0cdb855, clang++ 18.1.8 -fPIC -O3)

-- Parsing `comp.v' using frontend ` -vlog2k' --

1. Executing Verilog-2005 frontend: comp.v
Parsing Verilog input from `comp.v' to AST representation.
Storing AST representation for module `$abstract\comp'.
Successfully finished Verilog frontend.

-- Parsing `control_pariedad.v' using frontend ` -vlog2k' --

2. Executing Verilog-2005 frontend: control_pariedad.v
Parsing Verilog input from `control_pariedad.v' to AST representation.
Storing AST representation for module `$abstract\control_pariedad'.
Successfully finished Verilog frontend.

-- Parsing `lcr.v' using frontend ` -vlog2k' --

3. Executing Verilog-2005 frontend: lcr.v
Parsing Verilog input from `lcr.v' to AST representation.
Storing AST representation for module `$abstract\lcr'.
Successfully finished Verilog frontend.

-- Parsing `pariedad_16.v' using frontend ` -vlog2k' --

4. Executing Verilog-2005 frontend: pariedad_16.v
Parsing Verilog input from `pariedad_16.v' to AST representation.
Storing AST representation for module `$abstract\pariedad_16'.
Successfully finished Verilog frontend.

-- Parsing `rcr.v' using frontend ` -vlog2k' --

5. Executing Verilog-2005 frontend: rcr.v
Parsing Verilog input from `rcr.v' to AST representation.
Storing AST representation for module `$abstract\rcr'.
Successfully finished Verilog frontend.

-- Parsing `sub.v' using frontend ` -vlog2k' --

6. Executing Verilog-2005 frontend: sub.v
Parsing Verilog input from `sub.v' to AST representation.
Storing AST representation for module `$abstract\sub'.
Successfully finished Verilog frontend.

-- Running command `synth_ecp5 -top pariedad_16 -json pariedad_16.json; write_verilog -attr2comment pariedad_16_synth.v' --

7. Executing SYNTH_LATTICE pass.

7.1. Executing Verilog-2005 frontend: /home/juan/fpga_tools/oss-cad-suite/lib/../share/yosys/lattice/cells_sim_ecp5.v
Parsing Verilog input from `/home/juan/fpga_tools/oss-cad-suite/lib/../share/yosys/lattice/cells_sim_ecp5.v' to AST representation.
Generating RTLIL representation for module `\LUT4'.
Generating RTLIL representation for module `\$__ABC9_LUT5'.
Generating RTLIL representation for module `\$__ABC9_LUT6'.
Generating RTLIL representation for module `\$__ABC9_LUT7'.
Generating RTLIL representation for module `\L6MUX21'.
Generating RTLIL representation for module `\TRELLIS_RAM16X2'.
Generating RTLIL representation for module `\PFUMX'.
Generating RTLIL representation for module `\TRELLIS_DPR16X4'.
Generating RTLIL representation for module `\DPR16X4C'.
Generating RTLIL representation for module `\LUT2'.
Generating RTLIL representation for module `\TRELLIS_FF'.
Generating RTLIL representation for module `\TRELLIS_IO'.
Generating RTLIL representation for module `\INV'.
Generating RTLIL representation for module `\TRELLIS_COMB'.
Generating RTLIL representation for module `\VLO'.
Generating RTLIL representation for module `\VHI'.
Generating RTLIL representation for module `\FD1P3AX'.
Generating RTLIL representation for module `\FD1P3AY'.
Generating RTLIL representation for module `\FD1P3BX'.
Generating RTLIL representation for module `\FD1P3DX'.
Generating RTLIL representation for module `\FD1P3IX'.
Generating RTLIL representation for module `\FD1P3JX'.
Generating RTLIL representation for module `\FD1S3AX'.
Generating RTLIL representation for module `\FD1S3AY'.
Generating RTLIL representation for module `\FD1S3BX'.
Generating RTLIL representation for module `\FD1S3DX'.
Generating RTLIL representation for module `\FD1S3IX'.
Generating RTLIL representation for module `\FD1S3JX'.
Generating RTLIL representation for module `\IFS1P3BX'.
Generating RTLIL representation for module `\IFS1P3DX'.
Generating RTLIL representation for module `\IFS1P3IX'.
Generating RTLIL representation for module `\IFS1P3JX'.
Generating RTLIL representation for module `\OFS1P3BX'.
Generating RTLIL representation for module `\OFS1P3DX'.
Generating RTLIL representation for module `\OFS1P3IX'.
Generating RTLIL representation for module `\OFS1P3JX'.
Generating RTLIL representation for module `\IB'.
Generating RTLIL representation for module `\IBPU'.
Generating RTLIL representation for module `\IBPD'.
Generating RTLIL representation for module `\OB'.
Generating RTLIL representation for module `\OBZ'.
Generating RTLIL representation for module `\OBZPU'.
Generating RTLIL representation for module `\OBZPD'.
Generating RTLIL representation for module `\OBCO'.
Generating RTLIL representation for module `\BB'.
Generating RTLIL representation for module `\BBPU'.
Generating RTLIL representation for module `\BBPD'.
Generating RTLIL representation for module `\ILVDS'.
Generating RTLIL representation for module `\OLVDS'.
Generating RTLIL representation for module `\CCU2C'.
Generating RTLIL representation for module `\DP16KD'.
Replacing existing blackbox module `\FD1P3AX' at /home/juan/fpga_tools/oss-cad-suite/lib/../share/yosys/lattice/cells_ff.vh:2.1-2.261.
Generating RTLIL representation for module `\FD1P3AX'.
Replacing existing blackbox module `\FD1P3AY' at /home/juan/fpga_tools/oss-cad-suite/lib/../share/yosys/lattice/cells_ff.vh:3.1-3.261.
Generating RTLIL representation for module `\FD1P3AY'.
Replacing existing blackbox module `\FD1P3BX' at /home/juan/fpga_tools/oss-cad-suite/lib/../share/yosys/lattice/cells_ff.vh:4.1-4.261.
Generating RTLIL representation for module `\FD1P3BX'.
Replacing existing blackbox module `\FD1P3DX' at /home/juan/fpga_tools/oss-cad-suite/lib/../share/yosys/lattice/cells_ff.vh:5.1-5.261.
Generating RTLIL representation for module `\FD1P3DX'.
Replacing existing blackbox module `\FD1P3IX' at /home/juan/fpga_tools/oss-cad-suite/lib/../share/yosys/lattice/cells_ff.vh:6.1-6.261.
Generating RTLIL representation for module `\FD1P3IX'.
Replacing existing blackbox module `\FD1P3JX' at /home/juan/fpga_tools/oss-cad-suite/lib/../share/yosys/lattice/cells_ff.vh:7.1-7.261.
Generating RTLIL representation for module `\FD1P3JX'.
Replacing existing blackbox module `\FD1S3AX' at /home/juan/fpga_tools/oss-cad-suite/lib/../share/yosys/lattice/cells_ff.vh:8.1-8.261.
Generating RTLIL representation for module `\FD1S3AX'.
Replacing existing blackbox module `\FD1S3AY' at /home/juan/fpga_tools/oss-cad-suite/lib/../share/yosys/lattice/cells_ff.vh:9.1-9.261.
Generating RTLIL representation for module `\FD1S3AY'.
Replacing existing blackbox module `\FD1S3BX' at /home/juan/fpga_tools/oss-cad-suite/lib/../share/yosys/lattice/cells_ff.vh:10.1-10.261.
Generating RTLIL representation for module `\FD1S3BX'.
Replacing existing blackbox module `\FD1S3DX' at /home/juan/fpga_tools/oss-cad-suite/lib/../share/yosys/lattice/cells_ff.vh:11.1-11.261.
Generating RTLIL representation for module `\FD1S3DX'.
Replacing existing blackbox module `\FD1S3IX' at /home/juan/fpga_tools/oss-cad-suite/lib/../share/yosys/lattice/cells_ff.vh:12.1-12.261.
Generating RTLIL representation for module `\FD1S3IX'.
Replacing existing blackbox module `\FD1S3JX' at /home/juan/fpga_tools/oss-cad-suite/lib/../share/yosys/lattice/cells_ff.vh:13.1-13.261.
Generating RTLIL representation for module `\FD1S3JX'.
Replacing existing blackbox module `\IFS1P3BX' at /home/juan/fpga_tools/oss-cad-suite/lib/../share/yosys/lattice/cells_ff.vh:26.1-26.301.
Generating RTLIL representation for module `\IFS1P3BX'.
Replacing existing blackbox module `\IFS1P3DX' at /home/juan/fpga_tools/oss-cad-suite/lib/../share/yosys/lattice/cells_ff.vh:27.1-27.301.
Generating RTLIL representation for module `\IFS1P3DX'.
Replacing existing blackbox module `\IFS1P3IX' at /home/juan/fpga_tools/oss-cad-suite/lib/../share/yosys/lattice/cells_ff.vh:28.1-28.301.
Generating RTLIL representation for module `\IFS1P3IX'.
Replacing existing blackbox module `\IFS1P3JX' at /home/juan/fpga_tools/oss-cad-suite/lib/../share/yosys/lattice/cells_ff.vh:29.1-29.301.
Generating RTLIL representation for module `\IFS1P3JX'.
Replacing existing blackbox module `\OFS1P3BX' at /home/juan/fpga_tools/oss-cad-suite/lib/../share/yosys/lattice/cells_ff.vh:31.1-31.302.
Generating RTLIL representation for module `\OFS1P3BX'.
Replacing existing blackbox module `\OFS1P3DX' at /home/juan/fpga_tools/oss-cad-suite/lib/../share/yosys/lattice/cells_ff.vh:32.1-32.302.
Generating RTLIL representation for module `\OFS1P3DX'.
Replacing existing blackbox module `\OFS1P3IX' at /home/juan/fpga_tools/oss-cad-suite/lib/../share/yosys/lattice/cells_ff.vh:33.1-33.302.
Generating RTLIL representation for module `\OFS1P3IX'.
Replacing existing blackbox module `\OFS1P3JX' at /home/juan/fpga_tools/oss-cad-suite/lib/../share/yosys/lattice/cells_ff.vh:34.1-34.302.
Generating RTLIL representation for module `\OFS1P3JX'.
Replacing existing blackbox module `\IB' at /home/juan/fpga_tools/oss-cad-suite/lib/../share/yosys/lattice/cells_io.vh:2.1-2.157.
Generating RTLIL representation for module `\IB'.
Replacing existing blackbox module `\IBPU' at /home/juan/fpga_tools/oss-cad-suite/lib/../share/yosys/lattice/cells_io.vh:3.1-3.157.
Generating RTLIL representation for module `\IBPU'.
Replacing existing blackbox module `\IBPD' at /home/juan/fpga_tools/oss-cad-suite/lib/../share/yosys/lattice/cells_io.vh:4.1-4.157.
Generating RTLIL representation for module `\IBPD'.
Replacing existing blackbox module `\OB' at /home/juan/fpga_tools/oss-cad-suite/lib/../share/yosys/lattice/cells_io.vh:5.1-5.157.
Generating RTLIL representation for module `\OB'.
Replacing existing blackbox module `\OBZ' at /home/juan/fpga_tools/oss-cad-suite/lib/../share/yosys/lattice/cells_io.vh:6.1-6.164.
Generating RTLIL representation for module `\OBZ'.
Replacing existing blackbox module `\OBZPU' at /home/juan/fpga_tools/oss-cad-suite/lib/../share/yosys/lattice/cells_io.vh:7.1-7.164.
Generating RTLIL representation for module `\OBZPU'.
Replacing existing blackbox module `\OBZPD' at /home/juan/fpga_tools/oss-cad-suite/lib/../share/yosys/lattice/cells_io.vh:8.1-8.164.
Generating RTLIL representation for module `\OBZPD'.
Replacing existing blackbox module `\OBCO' at /home/juan/fpga_tools/oss-cad-suite/lib/../share/yosys/lattice/cells_io.vh:9.1-9.90.
Generating RTLIL representation for module `\OBCO'.
Replacing existing blackbox module `\BB' at /home/juan/fpga_tools/oss-cad-suite/lib/../share/yosys/lattice/cells_io.vh:10.1-10.179.
Generating RTLIL representation for module `\BB'.
Replacing existing blackbox module `\BBPU' at /home/juan/fpga_tools/oss-cad-suite/lib/../share/yosys/lattice/cells_io.vh:11.1-11.179.
Generating RTLIL representation for module `\BBPU'.
Replacing existing blackbox module `\BBPD' at /home/juan/fpga_tools/oss-cad-suite/lib/../share/yosys/lattice/cells_io.vh:12.1-12.179.
Generating RTLIL representation for module `\BBPD'.
Replacing existing blackbox module `\ILVDS' at /home/juan/fpga_tools/oss-cad-suite/lib/../share/yosys/lattice/cells_io.vh:13.1-13.139.
Generating RTLIL representation for module `\ILVDS'.
Replacing existing blackbox module `\OLVDS' at /home/juan/fpga_tools/oss-cad-suite/lib/../share/yosys/lattice/cells_io.vh:14.1-14.146.
Generating RTLIL representation for module `\OLVDS'.
Successfully finished Verilog frontend.

7.2. Executing Verilog-2005 frontend: /home/juan/fpga_tools/oss-cad-suite/lib/../share/yosys/lattice/cells_bb_ecp5.v
Parsing Verilog input from `/home/juan/fpga_tools/oss-cad-suite/lib/../share/yosys/lattice/cells_bb_ecp5.v' to AST representation.
Generating RTLIL representation for module `\GSR'.
Generating RTLIL representation for module `\PUR'.
Generating RTLIL representation for module `\SGSR'.
Generating RTLIL representation for module `\PDPW16KD'.
Generating RTLIL representation for module `\MULT18X18D'.
Generating RTLIL representation for module `\ALU54B'.
Generating RTLIL representation for module `\CLKDIVF'.
Generating RTLIL representation for module `\PCSCLKDIV'.
Generating RTLIL representation for module `\DCSC'.
Generating RTLIL representation for module `\DCCA'.
Generating RTLIL representation for module `\ECLKSYNCB'.
Generating RTLIL representation for module `\ECLKBRIDGECS'.
Generating RTLIL representation for module `\DELAYF'.
Generating RTLIL representation for module `\DELAYG'.
Generating RTLIL representation for module `\USRMCLK'.
Generating RTLIL representation for module `\DQSBUFM'.
Generating RTLIL representation for module `\DDRDLLA'.
Generating RTLIL representation for module `\DLLDELD'.
Generating RTLIL representation for module `\IDDRX1F'.
Generating RTLIL representation for module `\IDDRX2F'.
Generating RTLIL representation for module `\IDDR71B'.
Generating RTLIL representation for module `\IDDRX2DQA'.
Generating RTLIL representation for module `\ODDRX1F'.
Generating RTLIL representation for module `\ODDRX2F'.
Generating RTLIL representation for module `\ODDR71B'.
Generating RTLIL representation for module `\OSHX2A'.
Generating RTLIL representation for module `\TSHX2DQA'.
Generating RTLIL representation for module `\TSHX2DQSA'.
Generating RTLIL representation for module `\ODDRX2DQA'.
Generating RTLIL representation for module `\ODDRX2DQSB'.
Generating RTLIL representation for module `\EHXPLLL'.
Generating RTLIL representation for module `\DTR'.
Generating RTLIL representation for module `\OSCG'.
Generating RTLIL representation for module `\EXTREFB'.
Generating RTLIL representation for module `\JTAGG'.
Generating RTLIL representation for module `\DCUA'.
Successfully finished Verilog frontend.

7.3. Executing HIERARCHY pass (managing design hierarchy).

7.4. Executing AST frontend in derive mode using pre-parsed AST for module `\pariedad_16'.
Generating RTLIL representation for module `\pariedad_16'.

7.4.1. Analyzing design hierarchy..
Top module:  \pariedad_16

7.4.2. Executing AST frontend in derive mode using pre-parsed AST for module `\comp'.
Generating RTLIL representation for module `\comp'.

7.4.3. Executing AST frontend in derive mode using pre-parsed AST for module `\sub'.
Generating RTLIL representation for module `\sub'.

7.4.4. Executing AST frontend in derive mode using pre-parsed AST for module `\lcr'.
Generating RTLIL representation for module `\lcr'.

7.4.5. Executing AST frontend in derive mode using pre-parsed AST for module `\rcr'.
Generating RTLIL representation for module `\rcr'.

7.4.6. Executing AST frontend in derive mode using pre-parsed AST for module `\control_pariedad'.
Generating RTLIL representation for module `\control_pariedad'.

7.4.7. Analyzing design hierarchy..
Top module:  \pariedad_16
Used module:     \comp
Used module:     \sub
Used module:     \lcr
Used module:     \rcr
Used module:     \control_pariedad

7.4.8. Analyzing design hierarchy..
Top module:  \pariedad_16
Used module:     \comp
Used module:     \sub
Used module:     \lcr
Used module:     \rcr
Used module:     \control_pariedad
Removing unused module `$abstract\sub'.
Removing unused module `$abstract\rcr'.
Removing unused module `$abstract\pariedad_16'.
Removing unused module `$abstract\lcr'.
Removing unused module `$abstract\control_pariedad'.
Removing unused module `$abstract\comp'.
Removed 6 unused modules.

7.5. Executing PROC pass (convert processes to netlists).

7.5.1. Executing PROC_CLEAN pass (remove empty switches from decision trees).
Cleaned up 0 empty switches.

7.5.2. Executing PROC_RMDEAD pass (remove dead branches from decision trees).
Marked 1 switch rules as full_case in process $proc$control_pariedad.v:57$243 in module control_pariedad.
Removed 1 dead cases from process $proc$control_pariedad.v:21$240 in module control_pariedad.
Marked 4 switch rules as full_case in process $proc$control_pariedad.v:21$240 in module control_pariedad.
Marked 2 switch rules as full_case in process $proc$rcr.v:8$237 in module rcr.
Marked 2 switch rules as full_case in process $proc$lcr.v:8$234 in module lcr.
Marked 2 switch rules as full_case in process $proc$sub.v:8$231 in module sub.
Removed a total of 1 dead cases.

7.5.3. Executing PROC_PRUNE pass (remove redundant assignments in processes).
Removed 5 redundant assignments.
Promoted 17 assignments to connections.

7.5.4. Executing PROC_INIT pass (extract init attributes).
Found init rule in `\control_pariedad.$proc$control_pariedad.v:15$244'.
  Set init value: \done = 1'0
  Set init value: \w_sh_l = 1'0
  Set init value: \w_sh_r = 1'0
  Set init value: \w_rst = 1'0
  Set init value: \w_sub = 1'0
  Set init value: \state = 3'000
  Set init value: \cont = 5'00000
Found init rule in `\rcr.$proc$rcr.v:6$239'.
  Set init value: \A = 16'0000000000000000
Found init rule in `\lcr.$proc$lcr.v:6$236'.
  Set init value: \B = 16'0000000000000000
Found init rule in `\sub.$proc$sub.v:6$233'.
  Set init value: \LSB = 16'0000000000000000
Found init rule in `\comp.$proc$comp.v:6$230'.
  Set init value: \tmp = 1'0

7.5.5. Executing PROC_ARST pass (detect async resets in processes).

7.5.6. Executing PROC_ROM pass (convert switches to ROMs).
Converted 0 switches.
<suppressed ~11 debug messages>

7.5.7. Executing PROC_MUX pass (convert decision trees to multiplexers).
Creating decoders for process `\control_pariedad.$proc$control_pariedad.v:15$244'.
Creating decoders for process `\control_pariedad.$proc$control_pariedad.v:57$243'.
     1/5: $0\w_sub[0:0]
     2/5: $0\w_sh_l[0:0]
     3/5: $0\w_sh_r[0:0]
     4/5: $0\w_rst[0:0]
     5/5: $0\done[0:0]
Creating decoders for process `\control_pariedad.$proc$control_pariedad.v:21$240'.
     1/8: $4\state[2:0]
     2/8: $4\cont[4:0]
     3/8: $3\cont[4:0]
     4/8: $3\state[2:0]
     5/8: $2\cont[4:0]
     6/8: $2\state[2:0]
     7/8: $1\state[2:0]
     8/8: $1\cont[4:0]
Creating decoders for process `\rcr.$proc$rcr.v:6$239'.
Creating decoders for process `\rcr.$proc$rcr.v:8$237'.
     1/2: $2\A[15:0]
     2/2: $1\A[15:0]
Creating decoders for process `\lcr.$proc$lcr.v:6$236'.
Creating decoders for process `\lcr.$proc$lcr.v:8$234'.
     1/2: $2\B[15:0]
     2/2: $1\B[15:0]
Creating decoders for process `\sub.$proc$sub.v:6$233'.
Creating decoders for process `\sub.$proc$sub.v:8$231'.
     1/2: $2\LSB[15:0]
     2/2: $1\LSB[15:0]
Creating decoders for process `\comp.$proc$comp.v:6$230'.
Creating decoders for process `\comp.$proc$comp.v:9$227'.

7.5.8. Executing PROC_DLATCH pass (convert process syncs to latches).
No latch inferred for signal `\control_pariedad.\done' from process `\control_pariedad.$proc$control_pariedad.v:57$243'.
Removing init bit 1'0 for non-memory siginal `\control_pariedad.\done` in process `\control_pariedad.$proc$control_pariedad.v:57$243`.
No latch inferred for signal `\control_pariedad.\w_sh_l' from process `\control_pariedad.$proc$control_pariedad.v:57$243'.
Removing init bit 1'0 for non-memory siginal `\control_pariedad.\w_sh_l` in process `\control_pariedad.$proc$control_pariedad.v:57$243`.
No latch inferred for signal `\control_pariedad.\w_sh_r' from process `\control_pariedad.$proc$control_pariedad.v:57$243'.
Removing init bit 1'0 for non-memory siginal `\control_pariedad.\w_sh_r` in process `\control_pariedad.$proc$control_pariedad.v:57$243`.
No latch inferred for signal `\control_pariedad.\w_rst' from process `\control_pariedad.$proc$control_pariedad.v:57$243'.
Removing init bit 1'0 for non-memory siginal `\control_pariedad.\w_rst` in process `\control_pariedad.$proc$control_pariedad.v:57$243`.
No latch inferred for signal `\control_pariedad.\w_sub' from process `\control_pariedad.$proc$control_pariedad.v:57$243'.
Removing init bit 1'0 for non-memory siginal `\control_pariedad.\w_sub` in process `\control_pariedad.$proc$control_pariedad.v:57$243`.
No latch inferred for signal `\comp.\tmp' from process `\comp.$proc$comp.v:9$227'.
Removing init bit 1'0 for non-memory siginal `\comp.\tmp` in process `\comp.$proc$comp.v:9$227`.

7.5.9. Executing PROC_DFF pass (convert process syncs to FFs).
Creating register for signal `\control_pariedad.\state' using process `\control_pariedad.$proc$control_pariedad.v:21$240'.
  created $dff cell `$procdff$367' with positive edge clock.
Creating register for signal `\control_pariedad.\cont' using process `\control_pariedad.$proc$control_pariedad.v:21$240'.
  created $dff cell `$procdff$368' with positive edge clock.
Creating register for signal `\rcr.\A' using process `\rcr.$proc$rcr.v:8$237'.
  created $dff cell `$procdff$369' with positive edge clock.
Creating register for signal `\lcr.\B' using process `\lcr.$proc$lcr.v:8$234'.
  created $dff cell `$procdff$370' with positive edge clock.
Creating register for signal `\sub.\LSB' using process `\sub.$proc$sub.v:8$231'.
  created $dff cell `$procdff$371' with positive edge clock.

7.5.10. Executing PROC_MEMWR pass (convert process memory writes to cells).

7.5.11. Executing PROC_CLEAN pass (remove empty switches from decision trees).
Removing empty process `control_pariedad.$proc$control_pariedad.v:15$244'.
Found and cleaned up 1 empty switch in `\control_pariedad.$proc$control_pariedad.v:57$243'.
Removing empty process `control_pariedad.$proc$control_pariedad.v:57$243'.
Found and cleaned up 4 empty switches in `\control_pariedad.$proc$control_pariedad.v:21$240'.
Removing empty process `control_pariedad.$proc$control_pariedad.v:21$240'.
Removing empty process `rcr.$proc$rcr.v:6$239'.
Found and cleaned up 2 empty switches in `\rcr.$proc$rcr.v:8$237'.
Removing empty process `rcr.$proc$rcr.v:8$237'.
Removing empty process `lcr.$proc$lcr.v:6$236'.
Found and cleaned up 2 empty switches in `\lcr.$proc$lcr.v:8$234'.
Removing empty process `lcr.$proc$lcr.v:8$234'.
Removing empty process `sub.$proc$sub.v:6$233'.
Found and cleaned up 2 empty switches in `\sub.$proc$sub.v:8$231'.
Removing empty process `sub.$proc$sub.v:8$231'.
Removing empty process `comp.$proc$comp.v:6$230'.
Removing empty process `comp.$proc$comp.v:9$227'.
Cleaned up 11 empty switches.

7.5.12. Executing OPT_EXPR pass (perform const folding).
Optimizing module control_pariedad.
<suppressed ~4 debug messages>
Optimizing module rcr.
<suppressed ~1 debug messages>
Optimizing module lcr.
<suppressed ~1 debug messages>
Optimizing module sub.
Optimizing module comp.
Optimizing module pariedad_16.

7.6. Executing CHECK pass (checking for obvious problems).
Checking module control_pariedad...
Checking module rcr...
Checking module lcr...
Checking module sub...
Checking module comp...
Checking module pariedad_16...
Found and reported 0 problems.

7.7. Executing FLATTEN pass (flatten design).
Deleting now unused module control_pariedad.
Deleting now unused module rcr.
Deleting now unused module lcr.
Deleting now unused module sub.
Deleting now unused module comp.
<suppressed ~5 debug messages>

7.8. Executing TRIBUF pass.

7.9. Executing DEMINOUT pass (demote inout ports to input or output).

7.10. Executing OPT_EXPR pass (perform const folding).
Optimizing module pariedad_16.

7.11. Executing OPT_CLEAN pass (remove unused cells and wires).
Finding unused cells or wires in module \pariedad_16..
Removed 0 unused cells and 66 unused wires.
<suppressed ~1 debug messages>

7.12. Executing CHECK pass (checking for obvious problems).
Checking module pariedad_16...
Found and reported 0 problems.

7.13. Executing OPT pass (performing simple optimizations).

7.13.1. Executing OPT_EXPR pass (perform const folding).
Optimizing module pariedad_16.

7.13.2. Executing OPT_MERGE pass (detect identical cells).
Finding identical cells in module `\pariedad_16'.
Computing hashes of 68 cells of `\pariedad_16'.
Finding duplicate cells in `\pariedad_16'.
Computing hashes of 54 cells of `\pariedad_16'.
Finding duplicate cells in `\pariedad_16'.
<suppressed ~42 debug messages>
Removed a total of 14 cells.

7.13.3. Executing OPT_MUXTREE pass (detect dead branches in mux trees).
Running muxtree optimizer on module \pariedad_16..
  Creating internal representation of mux trees.
  Evaluating internal representation of mux trees.
  Analyzing evaluation results.
    dead port 1/2 on $mux $flatten\sub0.$procmux$362.
    dead port 2/2 on $mux $flatten\control0.$procmux$277.
    dead port 1/2 on $mux $flatten\control0.$procmux$280.
    dead port 2/2 on $mux $flatten\control0.$procmux$286.
    dead port 1/2 on $mux $flatten\control0.$procmux$289.
    dead port 2/2 on $mux $flatten\control0.$procmux$299.
    dead port 1/2 on $mux $flatten\control0.$procmux$302.
    dead port 2/2 on $mux $flatten\control0.$procmux$312.
    dead port 1/2 on $mux $flatten\control0.$procmux$315.
    dead port 1/2 on $mux $flatten\control0.$procmux$322.
    dead port 1/2 on $mux $flatten\lcr0.$procmux$353.
    dead port 1/2 on $mux $flatten\rcr0.$procmux$344.
    dead port 1/2 on $mux $flatten\control0.$procmux$332.
Removed 13 multiplexer ports.
<suppressed ~44 debug messages>

7.13.4. Executing OPT_REDUCE pass (consolidate $*mux and $reduce_* inputs).
  Optimizing cells in module \pariedad_16.
    New ctrl vector for $pmux cell $flatten\control0.$procmux$264: $auto$opt_reduce.cc:135:opt_pmux$378
  Optimizing cells in module \pariedad_16.
Performed a total of 1 changes.

7.13.5. Executing OPT_MERGE pass (detect identical cells).
Finding identical cells in module `\pariedad_16'.
Computing hashes of 42 cells of `\pariedad_16'.
Finding duplicate cells in `\pariedad_16'.
Removed a total of 0 cells.

7.13.6. Executing OPT_DFF pass (perform DFF optimizations).

7.13.7. Executing OPT_CLEAN pass (remove unused cells and wires).
Finding unused cells or wires in module \pariedad_16..
Removed 0 unused cells and 27 unused wires.
<suppressed ~1 debug messages>

7.13.8. Executing OPT_EXPR pass (perform const folding).
Optimizing module pariedad_16.
<suppressed ~3 debug messages>

7.13.9. Rerunning OPT passes. (Maybe there is more to do..)

7.13.10. Executing OPT_MUXTREE pass (detect dead branches in mux trees).
Running muxtree optimizer on module \pariedad_16..
  Creating internal representation of mux trees.
  Evaluating internal representation of mux trees.
  Analyzing evaluation results.
    dead port 1/2 on $mux $flatten\control0.$procmux$264.
    dead port 2/2 on $mux $flatten\control0.$procmux$264.
Removed 2 multiplexer ports.
<suppressed ~29 debug messages>

7.13.11. Executing OPT_REDUCE pass (consolidate $*mux and $reduce_* inputs).
  Optimizing cells in module \pariedad_16.
Performed a total of 0 changes.

7.13.12. Executing OPT_MERGE pass (detect identical cells).
Finding identical cells in module `\pariedad_16'.
Computing hashes of 41 cells of `\pariedad_16'.
Finding duplicate cells in `\pariedad_16'.
Removed a total of 0 cells.

7.13.13. Executing OPT_DFF pass (perform DFF optimizations).

7.13.14. Executing OPT_CLEAN pass (remove unused cells and wires).
Finding unused cells or wires in module \pariedad_16..
Removed 0 unused cells and 5 unused wires.
<suppressed ~5 debug messages>

7.13.15. Executing OPT_EXPR pass (perform const folding).
Optimizing module pariedad_16.

7.13.16. Rerunning OPT passes. (Maybe there is more to do..)

7.13.17. Executing OPT_MUXTREE pass (detect dead branches in mux trees).
Running muxtree optimizer on module \pariedad_16..
  Creating internal representation of mux trees.
  Evaluating internal representation of mux trees.
  Analyzing evaluation results.
Removed 0 multiplexer ports.
<suppressed ~29 debug messages>

7.13.18. Executing OPT_REDUCE pass (consolidate $*mux and $reduce_* inputs).
  Optimizing cells in module \pariedad_16.
Performed a total of 0 changes.

7.13.19. Executing OPT_MERGE pass (detect identical cells).
Finding identical cells in module `\pariedad_16'.
Computing hashes of 41 cells of `\pariedad_16'.
Finding duplicate cells in `\pariedad_16'.
Removed a total of 0 cells.

7.13.20. Executing OPT_DFF pass (perform DFF optimizations).

7.13.21. Executing OPT_CLEAN pass (remove unused cells and wires).
Finding unused cells or wires in module \pariedad_16..

7.13.22. Executing OPT_EXPR pass (perform const folding).
Optimizing module pariedad_16.

7.13.23. Finished fast OPT passes. (There is nothing left to do.)

7.14. Executing FSM pass (extract and optimize FSM).

7.14.1. Executing FSM_DETECT pass (finding FSMs in design).
Not marking pariedad_16.control0.state as FSM state register:
    Register has an initialization value.

7.14.2. Executing FSM_EXTRACT pass (extracting FSM from design).

7.14.3. Executing FSM_OPT pass (simple optimizations of FSMs).

7.14.4. Executing OPT_CLEAN pass (remove unused cells and wires).
Finding unused cells or wires in module \pariedad_16..

7.14.5. Executing FSM_OPT pass (simple optimizations of FSMs).

7.14.6. Executing FSM_RECODE pass (re-assigning FSM state encoding).

7.14.7. Executing FSM_INFO pass (dumping all available information on FSM cells).

7.14.8. Executing FSM_MAP pass (mapping FSMs to basic logic).

7.15. Executing OPT pass (performing simple optimizations).

7.15.1. Executing OPT_EXPR pass (perform const folding).
Optimizing module pariedad_16.

7.15.2. Executing OPT_MERGE pass (detect identical cells).
Finding identical cells in module `\pariedad_16'.
Computing hashes of 41 cells of `\pariedad_16'.
Finding duplicate cells in `\pariedad_16'.
Removed a total of 0 cells.

7.15.3. Executing OPT_MUXTREE pass (detect dead branches in mux trees).
Running muxtree optimizer on module \pariedad_16..
  Creating internal representation of mux trees.
  Evaluating internal representation of mux trees.
  Analyzing evaluation results.
Removed 0 multiplexer ports.
<suppressed ~29 debug messages>

7.15.4. Executing OPT_REDUCE pass (consolidate $*mux and $reduce_* inputs).
  Optimizing cells in module \pariedad_16.
Performed a total of 0 changes.

7.15.5. Executing OPT_MERGE pass (detect identical cells).
Finding identical cells in module `\pariedad_16'.
Computing hashes of 41 cells of `\pariedad_16'.
Finding duplicate cells in `\pariedad_16'.
Removed a total of 0 cells.

7.15.6. Executing OPT_DFF pass (perform DFF optimizations).
Adding EN signal on $flatten\rcr0.$procdff$369 ($dff) from module pariedad_16 (D = $flatten\rcr0.$0\A[15:0], Q = \rcr0.A).
Adding SRST signal on $flatten\lcr0.$procdff$370 ($dff) from module pariedad_16 (D = $flatten\lcr0.$2\B[15:0], Q = \lcr0.B, rval = 16'0000000000000000).
Adding EN signal on $auto$ff.cc:337:slice$382 ($sdff) from module pariedad_16 (D = { \rcr0.A [14:0] 1'0 }, Q = \lcr0.B).
Adding EN signal on $flatten\control0.$procdff$368 ($dff) from module pariedad_16 (D = $flatten\control0.$2\cont[4:0], Q = \control0.cont).
Adding SRST signal on $flatten\control0.$procdff$367 ($dff) from module pariedad_16 (D = $flatten\control0.$2\state[2:0], Q = \control0.state, rval = 3'000).
Adding SRST signal on $flatten\sub0.$procdff$371 ($dff) from module pariedad_16 (D = $flatten\sub0.$2\LSB[15:0], Q = \sub0.LSB, rval = 16'0000000000000000).
Adding EN signal on $auto$ff.cc:337:slice$396 ($sdff) from module pariedad_16 (D = $flatten\sub0.$sub$sub.v:12$232_Y, Q = \sub0.LSB).
Setting constant 0-bit at position 0 on $auto$ff.cc:337:slice$383 ($sdffe) from module pariedad_16.

7.15.7. Executing OPT_CLEAN pass (remove unused cells and wires).
Finding unused cells or wires in module \pariedad_16..
Removed 6 unused cells and 6 unused wires.
<suppressed ~7 debug messages>

7.15.8. Executing OPT_EXPR pass (perform const folding).
Optimizing module pariedad_16.
<suppressed ~1 debug messages>

7.15.9. Rerunning OPT passes. (Maybe there is more to do..)

7.15.10. Executing OPT_MUXTREE pass (detect dead branches in mux trees).
Running muxtree optimizer on module \pariedad_16..
  Creating internal representation of mux trees.
  Evaluating internal representation of mux trees.
  Analyzing evaluation results.
Removed 0 multiplexer ports.
<suppressed ~21 debug messages>

7.15.11. Executing OPT_REDUCE pass (consolidate $*mux and $reduce_* inputs).
  Optimizing cells in module \pariedad_16.
Performed a total of 0 changes.

7.15.12. Executing OPT_MERGE pass (detect identical cells).
Finding identical cells in module `\pariedad_16'.
Computing hashes of 41 cells of `\pariedad_16'.
Finding duplicate cells in `\pariedad_16'.
Removed a total of 0 cells.

7.15.13. Executing OPT_DFF pass (perform DFF optimizations).

7.15.14. Executing OPT_CLEAN pass (remove unused cells and wires).
Finding unused cells or wires in module \pariedad_16..

7.15.15. Executing OPT_EXPR pass (perform const folding).
Optimizing module pariedad_16.

7.15.16. Finished fast OPT passes. (There is nothing left to do.)

7.16. Executing WREDUCE pass (reducing word size of cells).
Removed top 1 bits (of 2) from port B of cell pariedad_16.$auto$opt_dff.cc:235:make_patterns_logic$381 ($ne).
Removed top 1 bits (of 3) from mux cell pariedad_16.$flatten\control0.$procmux$310 ($mux).
Removed top 1 bits (of 3) from port B of cell pariedad_16.$flatten\control0.$procmux$262_CMP0 ($eq).
Removed top 2 bits (of 3) from port B of cell pariedad_16.$flatten\control0.$procmux$256_CMP0 ($eq).
Removed top 1 bits (of 3) from port B of cell pariedad_16.$flatten\control0.$procmux$249_CMP0 ($eq).
Removed top 31 bits (of 32) from port B of cell pariedad_16.$flatten\control0.$add$control_pariedad.v:48$242 ($add).
Removed top 27 bits (of 32) from port Y of cell pariedad_16.$flatten\control0.$add$control_pariedad.v:48$242 ($add).
Removed top 15 bits (of 16) from port B of cell pariedad_16.$flatten\comp0.$eq$comp.v:10$228 ($eq).
Removed top 27 bits (of 32) from wire pariedad_16.$flatten\control0.$add$control_pariedad.v:48$242_Y.
Removed top 1 bits (of 3) from wire pariedad_16.$flatten\control0.$3\state[2:0].

7.17. Executing PEEPOPT pass (run peephole optimizers).

7.18. Executing OPT_CLEAN pass (remove unused cells and wires).
Finding unused cells or wires in module \pariedad_16..
Removed 0 unused cells and 2 unused wires.
<suppressed ~1 debug messages>

7.19. Executing SHARE pass (SAT-based resource sharing).

7.20. Executing TECHMAP pass (map to technology primitives).

7.20.1. Executing Verilog-2005 frontend: /home/juan/fpga_tools/oss-cad-suite/lib/../share/yosys/cmp2lut.v
Parsing Verilog input from `/home/juan/fpga_tools/oss-cad-suite/lib/../share/yosys/cmp2lut.v' to AST representation.
Generating RTLIL representation for module `\_90_lut_cmp_'.
Successfully finished Verilog frontend.

7.20.2. Continuing TECHMAP pass.
No more expansions possible.
<suppressed ~6 debug messages>

7.21. Executing OPT_EXPR pass (perform const folding).
Optimizing module pariedad_16.

7.22. Executing OPT_CLEAN pass (remove unused cells and wires).
Finding unused cells or wires in module \pariedad_16..

7.23. Executing TECHMAP pass (map to technology primitives).

7.23.1. Executing Verilog-2005 frontend: /home/juan/fpga_tools/oss-cad-suite/lib/../share/yosys/mul2dsp.v
Parsing Verilog input from `/home/juan/fpga_tools/oss-cad-suite/lib/../share/yosys/mul2dsp.v' to AST representation.
Generating RTLIL representation for module `\_80_mul'.
Generating RTLIL representation for module `\_90_soft_mul'.
Successfully finished Verilog frontend.

7.23.2. Continuing TECHMAP pass.
No more expansions possible.
<suppressed ~4 debug messages>

7.24. Executing TECHMAP pass (map to technology primitives).

7.24.1. Executing Verilog-2005 frontend: /home/juan/fpga_tools/oss-cad-suite/lib/../share/yosys/lattice/dsp_map_18x18.v
Parsing Verilog input from `/home/juan/fpga_tools/oss-cad-suite/lib/../share/yosys/lattice/dsp_map_18x18.v' to AST representation.
Generating RTLIL representation for module `$__MUL18X18'.
Successfully finished Verilog frontend.

7.24.2. Continuing TECHMAP pass.
No more expansions possible.
<suppressed ~3 debug messages>

7.25. Executing ALUMACC pass (create $alu and $macc cells).
Extracting $alu and $macc cells in module pariedad_16:
  creating $macc model for $flatten\control0.$add$control_pariedad.v:48$242 ($add).
  creating $macc model for $flatten\sub0.$sub$sub.v:12$232 ($sub).
  creating $alu model for $macc $flatten\sub0.$sub$sub.v:12$232.
  creating $alu model for $macc $flatten\control0.$add$control_pariedad.v:48$242.
  creating $alu cell for $flatten\control0.$add$control_pariedad.v:48$242: $auto$alumacc.cc:512:replace_alu$402
  creating $alu cell for $flatten\sub0.$sub$sub.v:12$232: $auto$alumacc.cc:512:replace_alu$405
  created 2 $alu and 0 $macc cells.

7.26. Executing OPT pass (performing simple optimizations).

7.26.1. Executing OPT_EXPR pass (perform const folding).
Optimizing module pariedad_16.

7.26.2. Executing OPT_MERGE pass (detect identical cells).
Finding identical cells in module `\pariedad_16'.
Computing hashes of 41 cells of `\pariedad_16'.
Finding duplicate cells in `\pariedad_16'.
Removed a total of 0 cells.

7.26.3. Executing OPT_MUXTREE pass (detect dead branches in mux trees).
Running muxtree optimizer on module \pariedad_16..
  Creating internal representation of mux trees.
  Evaluating internal representation of mux trees.
  Analyzing evaluation results.
Removed 0 multiplexer ports.
<suppressed ~21 debug messages>

7.26.4. Executing OPT_REDUCE pass (consolidate $*mux and $reduce_* inputs).
  Optimizing cells in module \pariedad_16.
Performed a total of 0 changes.

7.26.5. Executing OPT_MERGE pass (detect identical cells).
Finding identical cells in module `\pariedad_16'.
Computing hashes of 41 cells of `\pariedad_16'.
Finding duplicate cells in `\pariedad_16'.
Removed a total of 0 cells.

7.26.6. Executing OPT_DFF pass (perform DFF optimizations).

7.26.7. Executing OPT_CLEAN pass (remove unused cells and wires).
Finding unused cells or wires in module \pariedad_16..

7.26.8. Executing OPT_EXPR pass (perform const folding).
Optimizing module pariedad_16.

7.26.9. Finished fast OPT passes. (There is nothing left to do.)

7.27. Executing MEMORY pass.

7.27.1. Executing OPT_MEM pass (optimize memories).
Performed a total of 0 transformations.

7.27.2. Executing OPT_MEM_PRIORITY pass (removing unnecessary memory write priority relations).
Performed a total of 0 transformations.

7.27.3. Executing OPT_MEM_FEEDBACK pass (finding memory read-to-write feedback paths).

7.27.4. Executing MEMORY_BMUX2ROM pass (converting muxes to ROMs).

7.27.5. Executing MEMORY_DFF pass (merging $dff cells to $memrd).

7.27.6. Executing OPT_CLEAN pass (remove unused cells and wires).
Finding unused cells or wires in module \pariedad_16..

7.27.7. Executing MEMORY_SHARE pass (consolidating $memrd/$memwr cells).

7.27.8. Executing OPT_MEM_WIDEN pass (optimize memories where all ports are wide).
Performed a total of 0 transformations.

7.27.9. Executing OPT_CLEAN pass (remove unused cells and wires).
Finding unused cells or wires in module \pariedad_16..

7.27.10. Executing MEMORY_COLLECT pass (generating $mem cells).

7.28. Executing OPT_CLEAN pass (remove unused cells and wires).
Finding unused cells or wires in module \pariedad_16..

7.29. Executing MEMORY_LIBMAP pass (mapping memories to cells).

7.30. Executing TECHMAP pass (map to technology primitives).

7.30.1. Executing Verilog-2005 frontend: /home/juan/fpga_tools/oss-cad-suite/lib/../share/yosys/lattice/lutrams_map_trellis.v
Parsing Verilog input from `/home/juan/fpga_tools/oss-cad-suite/lib/../share/yosys/lattice/lutrams_map_trellis.v' to AST representation.
Generating RTLIL representation for module `$__TRELLIS_DPR16X4_'.
Successfully finished Verilog frontend.

7.30.2. Executing Verilog-2005 frontend: /home/juan/fpga_tools/oss-cad-suite/lib/../share/yosys/lattice/brams_map_16kd.v
Parsing Verilog input from `/home/juan/fpga_tools/oss-cad-suite/lib/../share/yosys/lattice/brams_map_16kd.v' to AST representation.
Generating RTLIL representation for module `$__DP16KD_'.
Generating RTLIL representation for module `$__PDPW16KD_'.
Successfully finished Verilog frontend.

7.30.3. Continuing TECHMAP pass.
No more expansions possible.
<suppressed ~5 debug messages>

7.31. Executing OPT pass (performing simple optimizations).

7.31.1. Executing OPT_EXPR pass (perform const folding).
Optimizing module pariedad_16.
<suppressed ~10 debug messages>

7.31.2. Executing OPT_MERGE pass (detect identical cells).
Finding identical cells in module `\pariedad_16'.
Computing hashes of 34 cells of `\pariedad_16'.
Finding duplicate cells in `\pariedad_16'.
Removed a total of 0 cells.

7.31.3. Executing OPT_DFF pass (perform DFF optimizations).
Adding SRST signal on $auto$ff.cc:337:slice$384 ($dffe) from module pariedad_16 (D = $flatten\control0.$4\cont[4:0], Q = \control0.cont, rval = 5'00000).

7.31.4. Executing OPT_CLEAN pass (remove unused cells and wires).
Finding unused cells or wires in module \pariedad_16..
Removed 2 unused cells and 10 unused wires.
<suppressed ~3 debug messages>

7.31.5. Rerunning OPT passes. (Removed registers in this run.)

7.31.6. Executing OPT_EXPR pass (perform const folding).
Optimizing module pariedad_16.

7.31.7. Executing OPT_MERGE pass (detect identical cells).
Finding identical cells in module `\pariedad_16'.
Computing hashes of 32 cells of `\pariedad_16'.
Finding duplicate cells in `\pariedad_16'.
Removed a total of 0 cells.

7.31.8. Executing OPT_DFF pass (perform DFF optimizations).
Adding SRST signal on $auto$ff.cc:337:slice$379 ($dffe) from module pariedad_16 (D = \N [15], Q = \rcr0.A [15], rval = 1'0).

7.31.9. Executing OPT_CLEAN pass (remove unused cells and wires).
Finding unused cells or wires in module \pariedad_16..

7.31.10. Rerunning OPT passes. (Removed registers in this run.)

7.31.11. Executing OPT_EXPR pass (perform const folding).
Optimizing module pariedad_16.

7.31.12. Executing OPT_MERGE pass (detect identical cells).
Finding identical cells in module `\pariedad_16'.
Computing hashes of 33 cells of `\pariedad_16'.
Finding duplicate cells in `\pariedad_16'.
Removed a total of 0 cells.

7.31.13. Executing OPT_DFF pass (perform DFF optimizations).

7.31.14. Executing OPT_CLEAN pass (remove unused cells and wires).
Finding unused cells or wires in module \pariedad_16..

7.31.15. Finished fast OPT passes.

7.32. Executing MEMORY_MAP pass (converting memories to logic and flip-flops).

7.33. Executing OPT pass (performing simple optimizations).

7.33.1. Executing OPT_EXPR pass (perform const folding).
Optimizing module pariedad_16.

7.33.2. Executing OPT_MERGE pass (detect identical cells).
Finding identical cells in module `\pariedad_16'.
Computing hashes of 33 cells of `\pariedad_16'.
Finding duplicate cells in `\pariedad_16'.
Removed a total of 0 cells.

7.33.3. Executing OPT_MUXTREE pass (detect dead branches in mux trees).
Running muxtree optimizer on module \pariedad_16..
  Creating internal representation of mux trees.
  Evaluating internal representation of mux trees.
  Analyzing evaluation results.
Removed 0 multiplexer ports.
<suppressed ~6 debug messages>

7.33.4. Executing OPT_REDUCE pass (consolidate $*mux and $reduce_* inputs).
  Optimizing cells in module \pariedad_16.
    Consolidated identical input bits for $mux cell $flatten\control0.$procmux$275:
      Old ports: A=3'101, B=3'000, Y=$flatten\control0.$4\state[2:0]
      New ports: A=1'1, B=1'0, Y=$flatten\control0.$4\state[2:0] [0]
      New connections: $flatten\control0.$4\state[2:0] [2:1] = { $flatten\control0.$4\state[2:0] [0] 1'0 }
    Consolidated identical input bits for $mux cell $flatten\control0.$procmux$310:
      Old ports: A=2'00, B=2'10, Y=$auto$wreduce.cc:514:run$400 [1:0]
      New ports: A=1'0, B=1'1, Y=$auto$wreduce.cc:514:run$400 [1]
      New connections: $auto$wreduce.cc:514:run$400 [0] = 1'0
  Optimizing cells in module \pariedad_16.
Performed a total of 2 changes.

7.33.5. Executing OPT_MERGE pass (detect identical cells).
Finding identical cells in module `\pariedad_16'.
Computing hashes of 33 cells of `\pariedad_16'.
Finding duplicate cells in `\pariedad_16'.
Removed a total of 0 cells.

7.33.6. Executing OPT_DFF pass (perform DFF optimizations).

7.33.7. Executing OPT_CLEAN pass (remove unused cells and wires).
Finding unused cells or wires in module \pariedad_16..

7.33.8. Executing OPT_EXPR pass (perform const folding).
Optimizing module pariedad_16.
<suppressed ~1 debug messages>

7.33.9. Rerunning OPT passes. (Maybe there is more to do..)

7.33.10. Executing OPT_MUXTREE pass (detect dead branches in mux trees).
Running muxtree optimizer on module \pariedad_16..
  Creating internal representation of mux trees.
  Evaluating internal representation of mux trees.
  Analyzing evaluation results.
Removed 0 multiplexer ports.
<suppressed ~5 debug messages>

7.33.11. Executing OPT_REDUCE pass (consolidate $*mux and $reduce_* inputs).
  Optimizing cells in module \pariedad_16.
Performed a total of 0 changes.

7.33.12. Executing OPT_MERGE pass (detect identical cells).
Finding identical cells in module `\pariedad_16'.
Computing hashes of 32 cells of `\pariedad_16'.
Finding duplicate cells in `\pariedad_16'.
Removed a total of 0 cells.

7.33.13. Executing OPT_DFF pass (perform DFF optimizations).

7.33.14. Executing OPT_CLEAN pass (remove unused cells and wires).
Finding unused cells or wires in module \pariedad_16..
Removed 0 unused cells and 1 unused wires.
<suppressed ~1 debug messages>

7.33.15. Executing OPT_EXPR pass (perform const folding).
Optimizing module pariedad_16.

7.33.16. Rerunning OPT passes. (Maybe there is more to do..)

7.33.17. Executing OPT_MUXTREE pass (detect dead branches in mux trees).
Running muxtree optimizer on module \pariedad_16..
  Creating internal representation of mux trees.
  Evaluating internal representation of mux trees.
  Analyzing evaluation results.
Removed 0 multiplexer ports.
<suppressed ~5 debug messages>

7.33.18. Executing OPT_REDUCE pass (consolidate $*mux and $reduce_* inputs).
  Optimizing cells in module \pariedad_16.
Performed a total of 0 changes.

7.33.19. Executing OPT_MERGE pass (detect identical cells).
Finding identical cells in module `\pariedad_16'.
Computing hashes of 32 cells of `\pariedad_16'.
Finding duplicate cells in `\pariedad_16'.
Removed a total of 0 cells.

7.33.20. Executing OPT_DFF pass (perform DFF optimizations).

7.33.21. Executing OPT_CLEAN pass (remove unused cells and wires).
Finding unused cells or wires in module \pariedad_16..

7.33.22. Executing OPT_EXPR pass (perform const folding).
Optimizing module pariedad_16.

7.33.23. Finished fast OPT passes. (There is nothing left to do.)

7.34. Executing TECHMAP pass (map to technology primitives).

7.34.1. Executing Verilog-2005 frontend: /home/juan/fpga_tools/oss-cad-suite/lib/../share/yosys/techmap.v
Parsing Verilog input from `/home/juan/fpga_tools/oss-cad-suite/lib/../share/yosys/techmap.v' to AST representation.
Generating RTLIL representation for module `\_90_simplemap_bool_ops'.
Generating RTLIL representation for module `\_90_simplemap_reduce_ops'.
Generating RTLIL representation for module `\_90_simplemap_logic_ops'.
Generating RTLIL representation for module `\_90_simplemap_compare_ops'.
Generating RTLIL representation for module `\_90_simplemap_various'.
Generating RTLIL representation for module `\_90_simplemap_registers'.
Generating RTLIL representation for module `\_90_shift_ops_shr_shl_sshl_sshr'.
Generating RTLIL representation for module `\_90_shift_shiftx'.
Generating RTLIL representation for module `\_90_fa'.
Generating RTLIL representation for module `\_90_lcu_brent_kung'.
Generating RTLIL representation for module `\_90_alu'.
Generating RTLIL representation for module `\_90_macc'.
Generating RTLIL representation for module `\_90_alumacc'.
Generating RTLIL representation for module `$__div_mod_u'.
Generating RTLIL representation for module `$__div_mod_trunc'.
Generating RTLIL representation for module `\_90_div'.
Generating RTLIL representation for module `\_90_mod'.
Generating RTLIL representation for module `$__div_mod_floor'.
Generating RTLIL representation for module `\_90_divfloor'.
Generating RTLIL representation for module `\_90_modfloor'.
Generating RTLIL representation for module `\_90_pow'.
Generating RTLIL representation for module `\_90_demux'.
Generating RTLIL representation for module `\_90_lut'.
Generating RTLIL representation for module `$connect'.
Generating RTLIL representation for module `$input_port'.
Successfully finished Verilog frontend.

7.34.2. Executing Verilog-2005 frontend: /home/juan/fpga_tools/oss-cad-suite/lib/../share/yosys/lattice/arith_map_ccu2c.v
Parsing Verilog input from `/home/juan/fpga_tools/oss-cad-suite/lib/../share/yosys/lattice/arith_map_ccu2c.v' to AST representation.
Generating RTLIL representation for module `\_80_ccu2c_alu'.
Successfully finished Verilog frontend.

7.34.3. Continuing TECHMAP pass.
Using extmapper simplemap for cells of type $dffe.
Using extmapper simplemap for cells of type $sdffce.
Using template $paramod$67e8f4b8dba01cd3d8fc718acd02276257d102de\_80_ccu2c_alu for cells of type $alu.
Using template $paramod$672a140277c71df8314410f22acc08d55222c3c7\_80_ccu2c_alu for cells of type $alu.
Using extmapper simplemap for cells of type $sdffe.
Using extmapper simplemap for cells of type $sdff.
Using extmapper simplemap for cells of type $reduce_and.
Using extmapper simplemap for cells of type $not.
Using extmapper simplemap for cells of type $ne.
Using extmapper simplemap for cells of type $reduce_bool.
Using extmapper simplemap for cells of type $reduce_or.
Using extmapper simplemap for cells of type $pmux.
Using extmapper simplemap for cells of type $logic_not.
Using extmapper simplemap for cells of type $mux.
Using extmapper simplemap for cells of type $eq.
Using extmapper simplemap for cells of type $logic_or.
Using extmapper simplemap for cells of type $logic_and.
Using extmapper simplemap for cells of type $xor.
Using extmapper simplemap for cells of type $pos.
No more expansions possible.
<suppressed ~200 debug messages>

7.35. Executing OPT pass (performing simple optimizations).

7.35.1. Executing OPT_EXPR pass (perform const folding).
Optimizing module pariedad_16.
<suppressed ~110 debug messages>

7.35.2. Executing OPT_MERGE pass (detect identical cells).
Finding identical cells in module `\pariedad_16'.
Computing hashes of 233 cells of `\pariedad_16'.
Finding duplicate cells in `\pariedad_16'.
Computing hashes of 222 cells of `\pariedad_16'.
Finding duplicate cells in `\pariedad_16'.
Computing hashes of 220 cells of `\pariedad_16'.
Finding duplicate cells in `\pariedad_16'.
<suppressed ~39 debug messages>
Removed a total of 13 cells.

7.35.3. Executing OPT_DFF pass (perform DFF optimizations).
Adding SRST signal on $auto$ff.cc:337:slice$734 ($_SDFF_PP0_) from module pariedad_16 (D = $auto$simplemap.cc:189:logic_reduce$830, Q = \control0.state [2], rval = 1'0).
Adding SRST signal on $auto$ff.cc:337:slice$732 ($_SDFF_PP0_) from module pariedad_16 (D = $auto$simplemap.cc:189:logic_reduce$794, Q = \control0.state [0], rval = 1'0).
Adding SRST signal on $auto$ff.cc:337:slice$733 ($_SDFF_PP0_) from module pariedad_16 (D = $auto$simplemap.cc:189:logic_reduce$812, Q = \control0.state [1], rval = 1'0).

7.35.4. Executing OPT_CLEAN pass (remove unused cells and wires).
Finding unused cells or wires in module \pariedad_16..
Removed 70 unused cells and 143 unused wires.
<suppressed ~71 debug messages>

7.35.5. Rerunning OPT passes. (Removed registers in this run.)

7.35.6. Executing OPT_EXPR pass (perform const folding).
Optimizing module pariedad_16.

7.35.7. Executing OPT_MERGE pass (detect identical cells).
Finding identical cells in module `\pariedad_16'.
Computing hashes of 156 cells of `\pariedad_16'.
Finding duplicate cells in `\pariedad_16'.
Computing hashes of 154 cells of `\pariedad_16'.
Finding duplicate cells in `\pariedad_16'.
Computing hashes of 152 cells of `\pariedad_16'.
Finding duplicate cells in `\pariedad_16'.
<suppressed ~12 debug messages>
Removed a total of 4 cells.

7.35.8. Executing OPT_DFF pass (perform DFF optimizations).

7.35.9. Executing OPT_CLEAN pass (remove unused cells and wires).
Finding unused cells or wires in module \pariedad_16..
Removed 0 unused cells and 4 unused wires.
<suppressed ~1 debug messages>

7.35.10. Finished fast OPT passes.

7.36. Executing OPT_CLEAN pass (remove unused cells and wires).
Finding unused cells or wires in module \pariedad_16..

7.37. Executing DFFLEGALIZE pass (convert FFs to types supported by the target).

7.38. Executing OPT_MERGE pass (detect identical cells).
Finding identical cells in module `\pariedad_16'.
Computing hashes of 194 cells of `\pariedad_16'.
Finding duplicate cells in `\pariedad_16'.
Computing hashes of 159 cells of `\pariedad_16'.
Finding duplicate cells in `\pariedad_16'.
Computing hashes of 155 cells of `\pariedad_16'.
Finding duplicate cells in `\pariedad_16'.
<suppressed ~117 debug messages>
Removed a total of 39 cells.

7.39. Executing TECHMAP pass (map to technology primitives).

7.39.1. Executing Verilog-2005 frontend: /home/juan/fpga_tools/oss-cad-suite/lib/../share/yosys/lattice/cells_map_trellis.v
Parsing Verilog input from `/home/juan/fpga_tools/oss-cad-suite/lib/../share/yosys/lattice/cells_map_trellis.v' to AST representation.
Generating RTLIL representation for module `$_DFF_N_'.
Generating RTLIL representation for module `$_DFF_P_'.
Generating RTLIL representation for module `$_DFFE_NN_'.
Generating RTLIL representation for module `$_DFFE_PN_'.
Generating RTLIL representation for module `$_DFFE_NP_'.
Generating RTLIL representation for module `$_DFFE_PP_'.
Generating RTLIL representation for module `$_DFF_NP0_'.
Generating RTLIL representation for module `$_DFF_NP1_'.
Generating RTLIL representation for module `$_DFF_PP0_'.
Generating RTLIL representation for module `$_DFF_PP1_'.
Generating RTLIL representation for module `$_SDFF_NP0_'.
Generating RTLIL representation for module `$_SDFF_NP1_'.
Generating RTLIL representation for module `$_SDFF_PP0_'.
Generating RTLIL representation for module `$_SDFF_PP1_'.
Generating RTLIL representation for module `$_DFFE_NP0P_'.
Generating RTLIL representation for module `$_DFFE_NP1P_'.
Generating RTLIL representation for module `$_DFFE_PP0P_'.
Generating RTLIL representation for module `$_DFFE_PP1P_'.
Generating RTLIL representation for module `$_DFFE_NP0N_'.
Generating RTLIL representation for module `$_DFFE_NP1N_'.
Generating RTLIL representation for module `$_DFFE_PP0N_'.
Generating RTLIL representation for module `$_DFFE_PP1N_'.
Generating RTLIL representation for module `$_SDFFE_NP0P_'.
Generating RTLIL representation for module `$_SDFFE_NP1P_'.
Generating RTLIL representation for module `$_SDFFE_PP0P_'.
Generating RTLIL representation for module `$_SDFFE_PP1P_'.
Generating RTLIL representation for module `$_SDFFE_NP0N_'.
Generating RTLIL representation for module `$_SDFFE_NP1N_'.
Generating RTLIL representation for module `$_SDFFE_PP0N_'.
Generating RTLIL representation for module `$_SDFFE_PP1N_'.
Generating RTLIL representation for module `$_ALDFF_NP_'.
Generating RTLIL representation for module `$_ALDFF_PP_'.
Generating RTLIL representation for module `$_ALDFFE_NPN_'.
Generating RTLIL representation for module `$_ALDFFE_NPP_'.
Generating RTLIL representation for module `$_ALDFFE_PPN_'.
Generating RTLIL representation for module `$_ALDFFE_PPP_'.
Generating RTLIL representation for module `\FD1P3AX'.
Generating RTLIL representation for module `\FD1P3AY'.
Generating RTLIL representation for module `\FD1P3BX'.
Generating RTLIL representation for module `\FD1P3DX'.
Generating RTLIL representation for module `\FD1P3IX'.
Generating RTLIL representation for module `\FD1P3JX'.
Generating RTLIL representation for module `\FD1S3AX'.
Generating RTLIL representation for module `\FD1S3AY'.
Generating RTLIL representation for module `\FD1S3BX'.
Generating RTLIL representation for module `\FD1S3DX'.
Generating RTLIL representation for module `\FD1S3IX'.
Generating RTLIL representation for module `\FD1S3JX'.
Generating RTLIL representation for module `\IFS1P3BX'.
Generating RTLIL representation for module `\IFS1P3DX'.
Generating RTLIL representation for module `\IFS1P3IX'.
Generating RTLIL representation for module `\IFS1P3JX'.
Generating RTLIL representation for module `\OFS1P3BX'.
Generating RTLIL representation for module `\OFS1P3DX'.
Generating RTLIL representation for module `\OFS1P3IX'.
Generating RTLIL representation for module `\OFS1P3JX'.
Generating RTLIL representation for module `\IB'.
Generating RTLIL representation for module `\IBPU'.
Generating RTLIL representation for module `\IBPD'.
Generating RTLIL representation for module `\OB'.
Generating RTLIL representation for module `\OBZ'.
Generating RTLIL representation for module `\OBZPU'.
Generating RTLIL representation for module `\OBZPD'.
Generating RTLIL representation for module `\OBCO'.
Generating RTLIL representation for module `\BB'.
Generating RTLIL representation for module `\BBPU'.
Generating RTLIL representation for module `\BBPD'.
Generating RTLIL representation for module `\ILVDS'.
Generating RTLIL representation for module `\OLVDS'.
Successfully finished Verilog frontend.

7.39.2. Continuing TECHMAP pass.
Using template $_SDFF_PP0_ for cells of type $_SDFF_PP0_.
Using template $_SDFFE_PP0P_ for cells of type $_SDFFE_PP0P_.
Using template $paramod$_DFFE_PP_\_TECHMAP_WIREINIT_Q_=1'0 for cells of type $_DFFE_PP_.
No more expansions possible.
<suppressed ~137 debug messages>

7.40. Executing OPT_EXPR pass (perform const folding).
Optimizing module pariedad_16.

7.41. Executing SIMPLEMAP pass (map simple cells to gate primitives).

7.42. Executing LATTICE_GSR pass (implement FF init values).
Handling GSR in pariedad_16.

7.43. Executing ATTRMVCP pass (move or copy attributes).

7.44. Executing OPT_CLEAN pass (remove unused cells and wires).
Finding unused cells or wires in module \pariedad_16..
Removed 0 unused cells and 351 unused wires.
<suppressed ~1 debug messages>

7.45. Executing TECHMAP pass (map to technology primitives).

7.45.1. Executing Verilog-2005 frontend: /home/juan/fpga_tools/oss-cad-suite/lib/../share/yosys/lattice/latches_map.v
Parsing Verilog input from `/home/juan/fpga_tools/oss-cad-suite/lib/../share/yosys/lattice/latches_map.v' to AST representation.
Generating RTLIL representation for module `$_DLATCH_N_'.
Generating RTLIL representation for module `$_DLATCH_P_'.
Successfully finished Verilog frontend.

7.45.2. Continuing TECHMAP pass.
No more expansions possible.
<suppressed ~4 debug messages>

7.46. Executing ABC9 pass.

7.46.1. Executing ABC9_OPS pass (helper functions for ABC9).

7.46.2. Executing ABC9_OPS pass (helper functions for ABC9).

7.46.3. Executing SCC pass (detecting logic loops).
Found an SCC: $auto$opt_expr.cc:607:replace_const_cells$1111 $auto$ff.cc:337:slice$644 $auto$opt_expr.cc:607:replace_const_cells$1107 $auto$ff.cc:337:slice$643 $auto$simplemap.cc:157:simplemap_reduce$915 $auto$opt_expr.cc:607:replace_const_cells$1109 $auto$ff.cc:337:slice$642 $auto$ff.cc:337:slice$641 $auto$simplemap.cc:157:simplemap_reduce$736 $auto$simplemap.cc:157:simplemap_reduce$747 $auto$simplemap.cc:157:simplemap_reduce$919 $auto$simplemap.cc:157:simplemap_reduce$917 $auto$simplemap.cc:157:simplemap_reduce$914 $auto$ff.cc:337:slice$640 $auto$dfflegalize.cc:941:flip_pol$1202 $auto$ff.cc:573:convert_ce_over_srst$1220 $auto$simplemap.cc:157:simplemap_reduce$739
Found an SCC: $auto$opt_expr.cc:607:replace_const_cells$1095 $auto$ff.cc:337:slice$1135 $auto$simplemap.cc:157:simplemap_reduce$899 $auto$simplemap.cc:157:simplemap_reduce$886 $auto$opt_expr.cc:607:replace_const_cells$1097 $auto$simplemap.cc:157:simplemap_reduce$847 $auto$ff.cc:337:slice$1128 $auto$simplemap.cc:227:simplemap_lognot$864 $auto$simplemap.cc:157:simplemap_reduce$862 $auto$simplemap.cc:227:simplemap_lognot$851 $auto$simplemap.cc:157:simplemap_reduce$849 $auto$opt_expr.cc:607:replace_const_cells$1103 $auto$simplemap.cc:227:simplemap_lognot$903 $auto$simplemap.cc:157:simplemap_reduce$901 $auto$simplemap.cc:198:logic_reduce$774 $auto$simplemap.cc:227:simplemap_lognot$890 $auto$simplemap.cc:157:simplemap_reduce$888 $auto$simplemap.cc:227:simplemap_lognot$837 $auto$simplemap.cc:198:logic_reduce$836 $auto$ff.cc:337:slice$1121 $auto$simplemap.cc:157:simplemap_reduce$1141 $auto$opt_dff.cc:79:create_not$1136 $auto$simplemap.cc:198:logic_reduce$778 $auto$simplemap.cc:198:logic_reduce$776 $auto$simplemap.cc:198:logic_reduce$773
Found 2 SCCs in module pariedad_16.
Found 2 SCCs.

7.46.4. Executing ABC9_OPS pass (helper functions for ABC9).

7.46.5. Executing TECHMAP pass (map to technology primitives).

7.46.5.1. Executing Verilog-2005 frontend: /home/juan/fpga_tools/oss-cad-suite/lib/../share/yosys/techmap.v
Parsing Verilog input from `/home/juan/fpga_tools/oss-cad-suite/lib/../share/yosys/techmap.v' to AST representation.
Generating RTLIL representation for module `\_90_simplemap_bool_ops'.
Generating RTLIL representation for module `\_90_simplemap_reduce_ops'.
Generating RTLIL representation for module `\_90_simplemap_logic_ops'.
Generating RTLIL representation for module `\_90_simplemap_compare_ops'.
Generating RTLIL representation for module `\_90_simplemap_various'.
Generating RTLIL representation for module `\_90_simplemap_registers'.
Generating RTLIL representation for module `\_90_shift_ops_shr_shl_sshl_sshr'.
Generating RTLIL representation for module `\_90_shift_shiftx'.
Generating RTLIL representation for module `\_90_fa'.
Generating RTLIL representation for module `\_90_lcu_brent_kung'.
Generating RTLIL representation for module `\_90_alu'.
Generating RTLIL representation for module `\_90_macc'.
Generating RTLIL representation for module `\_90_alumacc'.
Generating RTLIL representation for module `$__div_mod_u'.
Generating RTLIL representation for module `$__div_mod_trunc'.
Generating RTLIL representation for module `\_90_div'.
Generating RTLIL representation for module `\_90_mod'.
Generating RTLIL representation for module `$__div_mod_floor'.
Generating RTLIL representation for module `\_90_divfloor'.
Generating RTLIL representation for module `\_90_modfloor'.
Generating RTLIL representation for module `\_90_pow'.
Generating RTLIL representation for module `\_90_demux'.
Generating RTLIL representation for module `\_90_lut'.
Generating RTLIL representation for module `$connect'.
Generating RTLIL representation for module `$input_port'.
Successfully finished Verilog frontend.

7.46.5.2. Continuing TECHMAP pass.
No more expansions possible.
<suppressed ~166 debug messages>

7.46.6. Executing OPT pass (performing simple optimizations).

7.46.6.1. Executing OPT_EXPR pass (perform const folding).

7.46.6.2. Executing OPT_MERGE pass (detect identical cells).
Removed a total of 0 cells.

7.46.6.3. Executing OPT_MUXTREE pass (detect dead branches in mux trees).
Removed 0 multiplexer ports.

7.46.6.4. Executing OPT_REDUCE pass (consolidate $*mux and $reduce_* inputs).
Performed a total of 0 changes.

7.46.6.5. Executing OPT_MERGE pass (detect identical cells).
Removed a total of 0 cells.

7.46.6.6. Executing OPT_DFF pass (perform DFF optimizations).

7.46.6.7. Executing OPT_CLEAN pass (remove unused cells and wires).

7.46.6.8. Executing OPT_EXPR pass (perform const folding).

7.46.6.9. Finished fast OPT passes. (There is nothing left to do.)

7.46.7. Executing TECHMAP pass (map to technology primitives).

7.46.7.1. Executing Verilog-2005 frontend: /home/juan/fpga_tools/oss-cad-suite/lib/../share/yosys/abc9_map.v
Parsing Verilog input from `/home/juan/fpga_tools/oss-cad-suite/lib/../share/yosys/abc9_map.v' to AST representation.
Successfully finished Verilog frontend.

7.46.7.2. Continuing TECHMAP pass.
No more expansions possible.
<suppressed ~2 debug messages>

7.46.8. Executing Verilog-2005 frontend: /home/juan/fpga_tools/oss-cad-suite/lib/../share/yosys/abc9_model.v
Parsing Verilog input from `/home/juan/fpga_tools/oss-cad-suite/lib/../share/yosys/abc9_model.v' to AST representation.
Generating RTLIL representation for module `$__ABC9_DELAY'.
Generating RTLIL representation for module `$__ABC9_SCC_BREAKER'.
Generating RTLIL representation for module `$__DFF_N__$abc9_flop'.
Generating RTLIL representation for module `$__DFF_P__$abc9_flop'.
Successfully finished Verilog frontend.

7.46.9. Executing ABC9_OPS pass (helper functions for ABC9).
<suppressed ~2 debug messages>

7.46.10. Executing ABC9_OPS pass (helper functions for ABC9).

7.46.11. Executing ABC9_OPS pass (helper functions for ABC9).
<suppressed ~2 debug messages>

7.46.12. Executing TECHMAP pass (map to technology primitives).

7.46.12.1. Executing Verilog-2005 frontend: /home/juan/fpga_tools/oss-cad-suite/lib/../share/yosys/techmap.v
Parsing Verilog input from `/home/juan/fpga_tools/oss-cad-suite/lib/../share/yosys/techmap.v' to AST representation.
Generating RTLIL representation for module `\_90_simplemap_bool_ops'.
Generating RTLIL representation for module `\_90_simplemap_reduce_ops'.
Generating RTLIL representation for module `\_90_simplemap_logic_ops'.
Generating RTLIL representation for module `\_90_simplemap_compare_ops'.
Generating RTLIL representation for module `\_90_simplemap_various'.
Generating RTLIL representation for module `\_90_simplemap_registers'.
Generating RTLIL representation for module `\_90_shift_ops_shr_shl_sshl_sshr'.
Generating RTLIL representation for module `\_90_shift_shiftx'.
Generating RTLIL representation for module `\_90_fa'.
Generating RTLIL representation for module `\_90_lcu_brent_kung'.
Generating RTLIL representation for module `\_90_alu'.
Generating RTLIL representation for module `\_90_macc'.
Generating RTLIL representation for module `\_90_alumacc'.
Generating RTLIL representation for module `$__div_mod_u'.
Generating RTLIL representation for module `$__div_mod_trunc'.
Generating RTLIL representation for module `\_90_div'.
Generating RTLIL representation for module `\_90_mod'.
Generating RTLIL representation for module `$__div_mod_floor'.
Generating RTLIL representation for module `\_90_divfloor'.
Generating RTLIL representation for module `\_90_modfloor'.
Generating RTLIL representation for module `\_90_pow'.
Generating RTLIL representation for module `\_90_demux'.
Generating RTLIL representation for module `\_90_lut'.
Generating RTLIL representation for module `$connect'.
Generating RTLIL representation for module `$input_port'.
Successfully finished Verilog frontend.

7.46.12.2. Continuing TECHMAP pass.
Using template $paramod$838872d5a4bab89607f53482b205c0fd50d8b82e\CCU2C for cells of type $paramod$838872d5a4bab89607f53482b205c0fd50d8b82e\CCU2C.
Using extmapper simplemap for cells of type $or.
Using extmapper simplemap for cells of type $and.
Using extmapper simplemap for cells of type $not.
Using extmapper simplemap for cells of type $xor.
Using template $paramod\LUT2\INIT=4'1010 for cells of type LUT2.
Using template $paramod\LUT4\INIT=16'1001011010101010 for cells of type LUT4.
Using extmapper simplemap for cells of type $mux.
No more expansions possible.
<suppressed ~205 debug messages>

7.46.13. Executing OPT pass (performing simple optimizations).

7.46.13.1. Executing OPT_EXPR pass (perform const folding).
Optimizing module pariedad_16.
<suppressed ~18 debug messages>

7.46.13.2. Executing OPT_MERGE pass (detect identical cells).
Finding identical cells in module `\pariedad_16'.
Computing hashes of 59 cells of `\pariedad_16'.
Finding duplicate cells in `\pariedad_16'.
Computing hashes of 57 cells of `\pariedad_16'.
Finding duplicate cells in `\pariedad_16'.
<suppressed ~6 debug messages>
Removed a total of 2 cells.

7.46.13.3. Executing OPT_MUXTREE pass (detect dead branches in mux trees).
Running muxtree optimizer on module \pariedad_16..
  Creating internal representation of mux trees.
  No muxes found in this module.
Removed 0 multiplexer ports.

7.46.13.4. Executing OPT_REDUCE pass (consolidate $*mux and $reduce_* inputs).
  Optimizing cells in module \pariedad_16.
Performed a total of 0 changes.

7.46.13.5. Executing OPT_MERGE pass (detect identical cells).
Finding identical cells in module `\pariedad_16'.
Computing hashes of 57 cells of `\pariedad_16'.
Finding duplicate cells in `\pariedad_16'.
Removed a total of 0 cells.

7.46.13.6. Executing OPT_DFF pass (perform DFF optimizations).

7.46.13.7. Executing OPT_CLEAN pass (remove unused cells and wires).
Finding unused cells or wires in module \pariedad_16..
Removed 0 unused cells and 55 unused wires.
<suppressed ~1 debug messages>

7.46.13.8. Executing OPT_EXPR pass (perform const folding).
Optimizing module pariedad_16.

7.46.13.9. Rerunning OPT passes. (Maybe there is more to do..)

7.46.13.10. Executing OPT_MUXTREE pass (detect dead branches in mux trees).
Running muxtree optimizer on module \pariedad_16..
  Creating internal representation of mux trees.
  No muxes found in this module.
Removed 0 multiplexer ports.

7.46.13.11. Executing OPT_REDUCE pass (consolidate $*mux and $reduce_* inputs).
  Optimizing cells in module \pariedad_16.
Performed a total of 0 changes.

7.46.13.12. Executing OPT_MERGE pass (detect identical cells).
Finding identical cells in module `\pariedad_16'.
Computing hashes of 57 cells of `\pariedad_16'.
Finding duplicate cells in `\pariedad_16'.
Removed a total of 0 cells.

7.46.13.13. Executing OPT_DFF pass (perform DFF optimizations).

7.46.13.14. Executing OPT_CLEAN pass (remove unused cells and wires).
Finding unused cells or wires in module \pariedad_16..

7.46.13.15. Executing OPT_EXPR pass (perform const folding).
Optimizing module pariedad_16.

7.46.13.16. Finished fast OPT passes. (There is nothing left to do.)

7.46.14. Executing AIGMAP pass (map logic to AIG).
Module pariedad_16: replaced 18 cells with 120 new cells, skipped 39 cells.
  replaced 3 cell types:
      14 $_MUX_
       2 $_OR_
       2 $_XOR_
  not replaced 3 cell types:
       4 $_AND_
       4 $_NOT_
      31 $specify2

7.46.15. Executing AIGMAP pass (map logic to AIG).
Module pariedad_16: replaced 60 cells with 284 new cells, skipped 96 cells.
  replaced 3 cell types:
      15 $_MUX_
       1 $_ORNOT_
      44 $_OR_
  not replaced 6 cell types:
       6 $_AND_
      18 $_NOT_
       1 $__ABC9_SCC_BREAKER
       5 $scopeinfo
      55 TRELLIS_FF
      11 $paramod$838872d5a4bab89607f53482b205c0fd50d8b82e\CCU2C

7.46.15.1. Executing ABC9_OPS pass (helper functions for ABC9).

7.46.15.2. Executing ABC9_OPS pass (helper functions for ABC9).

7.46.15.3. Executing XAIGER backend.
<suppressed ~11 debug messages>
Extracted 96 AND gates and 456 wires from module `pariedad_16' to a netlist network with 76 inputs and 66 outputs.

7.46.15.4. Executing ABC9_EXE pass (technology mapping using ABC9).

7.46.15.5. Executing ABC9.
Running ABC command: "<yosys-exe-dir>/yosys-abc" -s -f <abc-temp-dir>/abc.script 2>&1
ABC: ======== ABC command line "source <abc-temp-dir>/abc.script"
ABC: + read_lut <abc-temp-dir>/input.lut 
ABC: + read_box <abc-temp-dir>/input.box 
ABC: + &read <abc-temp-dir>/input.xaig 
ABC: + &ps 
ABC: <abc-temp-dir>/input : i/o =     76/     66  and =      96  lev =    7 (1.03)  mem = 0.01 MB  box = 11  bb = 0
ABC: + &scorr 
ABC: Warning: The network is combinational.
ABC: + &sweep 
ABC: + &dc2 
ABC: + &dch -f -r 
ABC: + &ps 
ABC: <abc-temp-dir>/input : i/o =     76/     66  and =     141  lev =    6 (0.78)  mem = 0.01 MB  ch =   19  box = 11  bb = 0
ABC: cst =       0  cls =     19  lit =      19  unused =     212  proof =     0
ABC: + &if -W 300 -v 
ABC: K = 7. Memory (bytes): Truth =    0. Cut =   76. Obj =  156. Set =  780. CutMin = no
ABC: Node =     141.  Ch =    19.  Total mem =    0.07 MB. Peak cut mem =    0.01 MB.
ABC: P:  Del = 1507.00.  Ar =     110.0.  Edge =      168.  Cut =     2588.  T =     0.00 sec
ABC: P:  Del = 1507.00.  Ar =     110.0.  Edge =      168.  Cut =     2588.  T =     0.00 sec
ABC: P:  Del = 1358.00.  Ar =      57.0.  Edge =      128.  Cut =     2755.  T =     0.00 sec
ABC: F:  Del = 1358.00.  Ar =      38.0.  Edge =      120.  Cut =      643.  T =     0.00 sec
ABC: A:  Del = 1358.00.  Ar =      38.0.  Edge =      118.  Cut =      655.  T =     0.00 sec
ABC: A:  Del = 1358.00.  Ar =      38.0.  Edge =      118.  Cut =      655.  T =     0.00 sec
ABC: Total time =     0.00 sec
ABC: + &write -n <abc-temp-dir>/output.aig 
ABC: + &mfs 
ABC: The network is not changed by "&mfs".
ABC: + &ps -l 
ABC: <abc-temp-dir>/input : i/o =     76/     66  and =     120  lev =    6 (0.78)  mem = 0.01 MB  box = 11  bb = 0
ABC: Mapping (K=5)  :  lut =     34  edge =     118  lev =    2 (0.31)  levB =    8  mem = 0.00 MB
ABC: LUT = 34 : 2=1 2.9 %  3=20 58.8 %  4=9 26.5 %  5=4 11.8 %  Ave = 3.47
ABC: + &write -n <abc-temp-dir>/output.aig 
ABC: + &verify 
ABC: Networks are equivalent.  Time =     0.01 sec
ABC: + time 
ABC: elapse: 0.03 seconds, total: 0.03 seconds

7.46.15.6. Executing AIGER frontend.
<suppressed ~294 debug messages>
Removed 161 unused cells and 456 unused wires.

7.46.15.7. Executing ABC9_OPS pass (helper functions for ABC9).
ABC RESULTS:              $lut cells:       35
ABC RESULTS:   $paramod$838872d5a4bab89607f53482b205c0fd50d8b82e\CCU2C cells:       11
ABC RESULTS:           input signals:       10
ABC RESULTS:          output signals:       20
Removing temp directory.

7.46.16. Executing TECHMAP pass (map to technology primitives).

7.46.16.1. Executing Verilog-2005 frontend: /home/juan/fpga_tools/oss-cad-suite/lib/../share/yosys/abc9_unmap.v
Parsing Verilog input from `/home/juan/fpga_tools/oss-cad-suite/lib/../share/yosys/abc9_unmap.v' to AST representation.
Generating RTLIL representation for module `$__DFF_x__$abc9_flop'.
Generating RTLIL representation for module `$__ABC9_SCC_BREAKER'.
Successfully finished Verilog frontend.

7.46.16.2. Continuing TECHMAP pass.
Using template $paramod$__ABC9_SCC_BREAKER\WIDTH=32'00000000000000000000000000000010 for cells of type $__ABC9_SCC_BREAKER.
Using template $paramod$838872d5a4bab89607f53482b205c0fd50d8b82e\CCU2C for cells of type $paramod$838872d5a4bab89607f53482b205c0fd50d8b82e\CCU2C.
No more expansions possible.
<suppressed ~29 debug messages>
Removed 20 unused cells and 606 unused wires.

7.47. Executing TECHMAP pass (map to technology primitives).

7.47.1. Executing Verilog-2005 frontend: /home/juan/fpga_tools/oss-cad-suite/lib/../share/yosys/lattice/cells_map_trellis.v
Parsing Verilog input from `/home/juan/fpga_tools/oss-cad-suite/lib/../share/yosys/lattice/cells_map_trellis.v' to AST representation.
Generating RTLIL representation for module `$_DFF_N_'.
Generating RTLIL representation for module `$_DFF_P_'.
Generating RTLIL representation for module `$_DFFE_NN_'.
Generating RTLIL representation for module `$_DFFE_PN_'.
Generating RTLIL representation for module `$_DFFE_NP_'.
Generating RTLIL representation for module `$_DFFE_PP_'.
Generating RTLIL representation for module `$_DFF_NP0_'.
Generating RTLIL representation for module `$_DFF_NP1_'.
Generating RTLIL representation for module `$_DFF_PP0_'.
Generating RTLIL representation for module `$_DFF_PP1_'.
Generating RTLIL representation for module `$_SDFF_NP0_'.
Generating RTLIL representation for module `$_SDFF_NP1_'.
Generating RTLIL representation for module `$_SDFF_PP0_'.
Generating RTLIL representation for module `$_SDFF_PP1_'.
Generating RTLIL representation for module `$_DFFE_NP0P_'.
Generating RTLIL representation for module `$_DFFE_NP1P_'.
Generating RTLIL representation for module `$_DFFE_PP0P_'.
Generating RTLIL representation for module `$_DFFE_PP1P_'.
Generating RTLIL representation for module `$_DFFE_NP0N_'.
Generating RTLIL representation for module `$_DFFE_NP1N_'.
Generating RTLIL representation for module `$_DFFE_PP0N_'.
Generating RTLIL representation for module `$_DFFE_PP1N_'.
Generating RTLIL representation for module `$_SDFFE_NP0P_'.
Generating RTLIL representation for module `$_SDFFE_NP1P_'.
Generating RTLIL representation for module `$_SDFFE_PP0P_'.
Generating RTLIL representation for module `$_SDFFE_PP1P_'.
Generating RTLIL representation for module `$_SDFFE_NP0N_'.
Generating RTLIL representation for module `$_SDFFE_NP1N_'.
Generating RTLIL representation for module `$_SDFFE_PP0N_'.
Generating RTLIL representation for module `$_SDFFE_PP1N_'.
Generating RTLIL representation for module `$_ALDFF_NP_'.
Generating RTLIL representation for module `$_ALDFF_PP_'.
Generating RTLIL representation for module `$_ALDFFE_NPN_'.
Generating RTLIL representation for module `$_ALDFFE_NPP_'.
Generating RTLIL representation for module `$_ALDFFE_PPN_'.
Generating RTLIL representation for module `$_ALDFFE_PPP_'.
Generating RTLIL representation for module `\FD1P3AX'.
Generating RTLIL representation for module `\FD1P3AY'.
Generating RTLIL representation for module `\FD1P3BX'.
Generating RTLIL representation for module `\FD1P3DX'.
Generating RTLIL representation for module `\FD1P3IX'.
Generating RTLIL representation for module `\FD1P3JX'.
Generating RTLIL representation for module `\FD1S3AX'.
Generating RTLIL representation for module `\FD1S3AY'.
Generating RTLIL representation for module `\FD1S3BX'.
Generating RTLIL representation for module `\FD1S3DX'.
Generating RTLIL representation for module `\FD1S3IX'.
Generating RTLIL representation for module `\FD1S3JX'.
Generating RTLIL representation for module `\IFS1P3BX'.
Generating RTLIL representation for module `\IFS1P3DX'.
Generating RTLIL representation for module `\IFS1P3IX'.
Generating RTLIL representation for module `\IFS1P3JX'.
Generating RTLIL representation for module `\OFS1P3BX'.
Generating RTLIL representation for module `\OFS1P3DX'.
Generating RTLIL representation for module `\OFS1P3IX'.
Generating RTLIL representation for module `\OFS1P3JX'.
Generating RTLIL representation for module `\IB'.
Generating RTLIL representation for module `\IBPU'.
Generating RTLIL representation for module `\IBPD'.
Generating RTLIL representation for module `\OB'.
Generating RTLIL representation for module `\OBZ'.
Generating RTLIL representation for module `\OBZPU'.
Generating RTLIL representation for module `\OBZPD'.
Generating RTLIL representation for module `\OBCO'.
Generating RTLIL representation for module `\BB'.
Generating RTLIL representation for module `\BBPU'.
Generating RTLIL representation for module `\BBPD'.
Generating RTLIL representation for module `\ILVDS'.
Generating RTLIL representation for module `\OLVDS'.
Generating RTLIL representation for module `$lut'.
Successfully finished Verilog frontend.

7.47.2. Continuing TECHMAP pass.
Using template $paramod$e51a8a571bee774247b38f52d6e85fd62ae52cea$lut for cells of type $lut.
Using template $paramod$629e1ea7d131e79dc0f1993952c0aecc5e54955c$lut for cells of type $lut.
Using template $paramod$lut\WIDTH=32'00000000000000000000000000000011\LUT=8'00100010 for cells of type $lut.
Using template $paramod$5a490b0e00aeb3aa961ff44c01138435d4948c4d$lut for cells of type $lut.
Using template $paramod$lut\WIDTH=32'00000000000000000000000000000011\LUT=8'10101100 for cells of type $lut.
Using template $paramod$5a93a14631d021798f40d410e9af1e8555655438$lut for cells of type $lut.
Using template $paramod$af608567b06aa73721c6b13c9835b135c89c1bbb$lut for cells of type $lut.
Using template $paramod$3bcf48872b6e9a5b5fa708204004e05fd40bdf6e$lut for cells of type $lut.
Using template $paramod$658b9ed803f0d3d335616d3858b53e0a2522f1e8$lut for cells of type $lut.
Using template $paramod$6e238df02989b317f10820a22773676e71120644$lut for cells of type $lut.
Using template $paramod$a15fd389a2f54cb7b94707b25934d226e68d9e2e$lut for cells of type $lut.
Using template $paramod$lut\WIDTH=32'00000000000000000000000000000011\LUT=8'00100000 for cells of type $lut.
Using template $paramod$a5516fc31d1e552de2435200bb732b4d4ad63a9c$lut for cells of type $lut.
Using template $paramod$lut\WIDTH=32'00000000000000000000000000000011\LUT=8'00000100 for cells of type $lut.
Using template $paramod$lut\WIDTH=32'00000000000000000000000000000011\LUT=8'01000000 for cells of type $lut.
Using template $paramod$7829757767b8e0b8a721d75ea0b7b554c77b5cc6$lut for cells of type $lut.
Using template $paramod$571404c0889eaf57f492cb5e37f8acb5df5852f9$lut for cells of type $lut.
Using template $paramod$lut\WIDTH=32'00000000000000000000000000000011\LUT=8'00010000 for cells of type $lut.
Using template $paramod$lut\WIDTH=32'00000000000000000000000000000010\LUT=4'0010 for cells of type $lut.
Using template $paramod$lut\WIDTH=32'00000000000000000000000000000001\LUT=2'01 for cells of type $lut.
No more expansions possible.
<suppressed ~368 debug messages>

7.48. Executing OPT_LUT_INS pass (discard unused LUT inputs).
Optimizing LUTs in pariedad_16.
  Optimizing lut $abc$2333$lut$auto$abc9_ops.cc:596:break_scc$1398.genblk1.genblk1.genblk1.genblk1.genblk1.lut0 (4 -> 2)
  Optimizing lut $auto$abc9_ops.cc:1612:reintegrate$2352.genblk1.genblk1.genblk1.genblk1.genblk1.lut1 (4 -> 3)
  Optimizing lut $auto$abc9_ops.cc:1612:reintegrate$2350 (4 -> 2)
  Optimizing lut $auto$abc9_ops.cc:1612:reintegrate$2353.genblk1.genblk1.genblk1.genblk1.genblk1.lut0 (4 -> 3)
  Optimizing lut $auto$abc9_ops.cc:1612:reintegrate$2355.genblk1.genblk1.genblk1.genblk1.genblk1.lut0 (4 -> 3)
Removed 0 unused cells and 76 unused wires.

7.49. Executing AUTONAME pass.
Renamed 146 objects in module pariedad_16 (38 iterations).
<suppressed ~146 debug messages>

7.50. Executing HIERARCHY pass (managing design hierarchy).
Attribute `top' found on module `pariedad_16'. Setting top module to pariedad_16.

7.50.1. Analyzing design hierarchy..
Top module:  \pariedad_16

7.50.2. Analyzing design hierarchy..
Top module:  \pariedad_16
Removed 0 unused modules.

7.51. Printing statistics.

=== pariedad_16 ===

        +----------Local Count, excluding submodules.
        | 
       73 wires
      305 wire bits
       73 public wires
      305 public wire bits
        7 ports
       22 port bits
        5 cells
        5   $scopeinfo
      110 submodules
       11   CCU2C
       40   LUT4
        4   PFUMX
       55   TRELLIS_FF

=== design hierarchy ===

        +----------Count including submodules.
        | 
        5 pariedad_16

        +----------Count including submodules.
        | 
       73 wires
      305 wire bits
       73 public wires
      305 public wire bits
        7 ports
       22 port bits
        - memories
        - memory bits
        - processes
        5 cells
        5   $scopeinfo
      110 submodules
       11   CCU2C
       40   LUT4
        4   PFUMX
       55   TRELLIS_FF

7.52. Executing CHECK pass (checking for obvious problems).
Checking module pariedad_16...
Found and reported 0 problems.

7.53. Executing JSON backend.

8. Executing Verilog backend.

8.1. Executing BMUXMAP pass.

8.2. Executing DEMUXMAP pass.
Dumping module `\pariedad_16'.

End of script. Logfile hash: e14474e141, time: 1.15s, user: 0.77s, system: 0.25s, MEM: 29.70 MB peak
Yosys 0.65+57 (git sha1 9d0cdb855, clang++ 18.1.8 -fPIC -O3)
Time spent: 44% 31x read_verilog (0 sec), 12% 1x synth_lattice (0 sec), ...
